Determining if the pthread_create exist failed with the following output:
Change Dir: /home/lee/OpenFace/distro/build/CMakeFiles/CMakeTmp

Run Build Command:"/usr/bin/make" "cmTC_c84bb/fast"
/usr/bin/make -f CMakeFiles/cmTC_c84bb.dir/build.make CMakeFiles/cmTC_c84bb.dir/build
make[1]: Entering directory '/home/lee/OpenFace/distro/build/CMakeFiles/CMakeTmp'
Building C object CMakeFiles/cmTC_c84bb.dir/CheckSymbolExists.c.o
/usr/bin/cc     -o CMakeFiles/cmTC_c84bb.dir/CheckSymbolExists.c.o   -c /home/lee/OpenFace/distro/build/CMakeFiles/CMakeTmp/CheckSymbolExists.c
Linking C executable cmTC_c84bb
/usr/bin/cmake -E cmake_link_script CMakeFiles/cmTC_c84bb.dir/link.txt --verbose=1
/usr/bin/cc       CMakeFiles/cmTC_c84bb.dir/CheckSymbolExists.c.o  -o cmTC_c84bb -rdynamic /usr/lib/x86_64-linux-gnu/libdl.so 
CMakeFiles/cmTC_c84bb.dir/CheckSymbolExists.c.o: In function `main':
CheckSymbolExists.c:(.text+0x16): undefined reference to `pthread_create'
collect2: error: ld returned 1 exit status
CMakeFiles/cmTC_c84bb.dir/build.make:98: recipe for target 'cmTC_c84bb' failed
make[1]: *** [cmTC_c84bb] Error 1
make[1]: Leaving directory '/home/lee/OpenFace/distro/build/CMakeFiles/CMakeTmp'
Makefile:126: recipe for target 'cmTC_c84bb/fast' failed
make: *** [cmTC_c84bb/fast] Error 2

File /home/lee/OpenFace/distro/build/CMakeFiles/CMakeTmp/CheckSymbolExists.c:
/* */
#include <pthread.h>

int main(int argc, char** argv)
{
  (void)argv;
#ifndef pthread_create
  return ((int*)(&pthread_create))[argc];
#else
  (void)argc;
  return 0;
#endif
}

Determining if the function pthread_create exists in the pthreads failed with the following output:
Change Dir: /home/lee/OpenFace/distro/build/CMakeFiles/CMakeTmp

Run Build Command:"/usr/bin/make" "cmTC_e22e0/fast"
/usr/bin/make -f CMakeFiles/cmTC_e22e0.dir/build.make CMakeFiles/cmTC_e22e0.dir/build
make[1]: Entering directory '/home/lee/OpenFace/distro/build/CMakeFiles/CMakeTmp'
Building C object CMakeFiles/cmTC_e22e0.dir/CheckFunctionExists.c.o
/usr/bin/cc    -DCHECK_FUNCTION_EXISTS=pthread_create   -o CMakeFiles/cmTC_e22e0.dir/CheckFunctionExists.c.o   -c /usr/share/cmake-3.5/Modules/CheckFunctionExists.c
Linking C executable cmTC_e22e0
/usr/bin/cmake -E cmake_link_script CMakeFiles/cmTC_e22e0.dir/link.txt --verbose=1
/usr/bin/cc   -DCHECK_FUNCTION_EXISTS=pthread_create    CMakeFiles/cmTC_e22e0.dir/CheckFunctionExists.c.o  -o cmTC_e22e0 -rdynamic -lpthreads /usr/lib/x86_64-linux-gnu/libdl.so 
/usr/bin/ld: cannot find -lpthreads
collect2: error: ld returned 1 exit status
CMakeFiles/cmTC_e22e0.dir/build.make:98: recipe for target 'cmTC_e22e0' failed
make[1]: *** [cmTC_e22e0] Error 1
make[1]: Leaving directory '/home/lee/OpenFace/distro/build/CMakeFiles/CMakeTmp'
Makefile:126: recipe for target 'cmTC_e22e0/fast' failed
make: *** [cmTC_e22e0/fast] Error 2


Performing C SOURCE FILE Test LJ_DUALNUM_1 failed with the following output:
Change Dir: /home/lee/OpenFace/distro/build/CMakeFiles/CMakeTmp

Run Build Command:"/usr/bin/make" "cmTC_eff22/fast"
/usr/bin/make -f CMakeFiles/cmTC_eff22.dir/build.make CMakeFiles/cmTC_eff22.dir/build
make[1]: Entering directory '/home/lee/OpenFace/distro/build/CMakeFiles/CMakeTmp'
Building C object CMakeFiles/cmTC_eff22.dir/src.c.o
/usr/bin/cc   -I/home/lee/OpenFace/distro/build/exe/luajit-rocks/luajit-2.1 -I/home/lee/OpenFace/distro/exe/luajit-rocks/luajit-2.1/src  -DLJ_DUALNUM_1   -o CMakeFiles/cmTC_eff22.dir/src.c.o   -c /home/lee/OpenFace/distro/build/CMakeFiles/CMakeTmp/src.c
/home/lee/OpenFace/distro/build/CMakeFiles/CMakeTmp/src.c:7:2: error: #error "not defined"
 #error "not defined"
  ^
CMakeFiles/cmTC_eff22.dir/build.make:65: recipe for target 'CMakeFiles/cmTC_eff22.dir/src.c.o' failed
make[1]: *** [CMakeFiles/cmTC_eff22.dir/src.c.o] Error 1
make[1]: Leaving directory '/home/lee/OpenFace/distro/build/CMakeFiles/CMakeTmp'
Makefile:126: recipe for target 'cmTC_eff22/fast' failed
make: *** [cmTC_eff22/fast] Error 2

Source file was:

#undef LJ_DUALNUM
#include "lj_arch.h"
#if LJ_DUALNUM == 1
int main() { return 0; }
#else
#error "not defined"
#endif

Performing C SOURCE FILE Test LJ_ABI_SOFTFP_1 failed with the following output:
Change Dir: /home/lee/OpenFace/distro/build/CMakeFiles/CMakeTmp

Run Build Command:"/usr/bin/make" "cmTC_9be07/fast"
/usr/bin/make -f CMakeFiles/cmTC_9be07.dir/build.make CMakeFiles/cmTC_9be07.dir/build
make[1]: Entering directory '/home/lee/OpenFace/distro/build/CMakeFiles/CMakeTmp'
Building C object CMakeFiles/cmTC_9be07.dir/src.c.o
/usr/bin/cc   -I/home/lee/OpenFace/distro/build/exe/luajit-rocks/luajit-2.1 -I/home/lee/OpenFace/distro/exe/luajit-rocks/luajit-2.1/src  -DLJ_ABI_SOFTFP_1   -o CMakeFiles/cmTC_9be07.dir/src.c.o   -c /home/lee/OpenFace/distro/build/CMakeFiles/CMakeTmp/src.c
/home/lee/OpenFace/distro/build/CMakeFiles/CMakeTmp/src.c:7:2: error: #error "not defined"
 #error "not defined"
  ^
CMakeFiles/cmTC_9be07.dir/build.make:65: recipe for target 'CMakeFiles/cmTC_9be07.dir/src.c.o' failed
make[1]: *** [CMakeFiles/cmTC_9be07.dir/src.c.o] Error 1
make[1]: Leaving directory '/home/lee/OpenFace/distro/build/CMakeFiles/CMakeTmp'
Makefile:126: recipe for target 'cmTC_9be07/fast' failed
make: *** [cmTC_9be07/fast] Error 2

Source file was:

#undef LJ_ABI_SOFTFP
#include "lj_arch.h"
#if LJ_ABI_SOFTFP == 1
int main() { return 0; }
#else
#error "not defined"
#endif

