The system is: Linux - 4.4.0-43-Microsoft - x86_64
Compiling the C compiler identification source file "CMakeCCompilerId.c" succeeded.
Compiler: /usr/bin/cc 
Build flags: 
Id flags: 

The output was:
0


Compilation of the C compiler identification source "CMakeCCompilerId.c" produced "a.out"

The C compiler identification is GNU, found in "/home/lee/OpenFace/distro/build/CMakeFiles/3.5.1/CompilerIdC/a.out"

Compiling the CXX compiler identification source file "CMakeCXXCompilerId.cpp" succeeded.
Compiler: /usr/bin/c++ 
Build flags: 
Id flags: 

The output was:
0


Compilation of the CXX compiler identification source "CMakeCXXCompilerId.cpp" produced "a.out"

The CXX compiler identification is GNU, found in "/home/lee/OpenFace/distro/build/CMakeFiles/3.5.1/CompilerIdCXX/a.out"

Determining if the C compiler works passed with the following output:
Change Dir: /home/lee/OpenFace/distro/build/CMakeFiles/CMakeTmp

Run Build Command:"/usr/bin/make" "cmTC_8122d/fast"
/usr/bin/make -f CMakeFiles/cmTC_8122d.dir/build.make CMakeFiles/cmTC_8122d.dir/build
make[1]: Entering directory '/home/lee/OpenFace/distro/build/CMakeFiles/CMakeTmp'
Building C object CMakeFiles/cmTC_8122d.dir/testCCompiler.c.o
/usr/bin/cc     -o CMakeFiles/cmTC_8122d.dir/testCCompiler.c.o   -c /home/lee/OpenFace/distro/build/CMakeFiles/CMakeTmp/testCCompiler.c
Linking C executable cmTC_8122d
/usr/bin/cmake -E cmake_link_script CMakeFiles/cmTC_8122d.dir/link.txt --verbose=1
/usr/bin/cc       CMakeFiles/cmTC_8122d.dir/testCCompiler.c.o  -o cmTC_8122d -rdynamic 
make[1]: Leaving directory '/home/lee/OpenFace/distro/build/CMakeFiles/CMakeTmp'


Detecting C compiler ABI info compiled with the following output:
Change Dir: /home/lee/OpenFace/distro/build/CMakeFiles/CMakeTmp

Run Build Command:"/usr/bin/make" "cmTC_09749/fast"
/usr/bin/make -f CMakeFiles/cmTC_09749.dir/build.make CMakeFiles/cmTC_09749.dir/build
make[1]: Entering directory '/home/lee/OpenFace/distro/build/CMakeFiles/CMakeTmp'
Building C object CMakeFiles/cmTC_09749.dir/CMakeCCompilerABI.c.o
/usr/bin/cc     -o CMakeFiles/cmTC_09749.dir/CMakeCCompilerABI.c.o   -c /usr/share/cmake-3.5/Modules/CMakeCCompilerABI.c
Linking C executable cmTC_09749
/usr/bin/cmake -E cmake_link_script CMakeFiles/cmTC_09749.dir/link.txt --verbose=1
/usr/bin/cc      -v CMakeFiles/cmTC_09749.dir/CMakeCCompilerABI.c.o  -o cmTC_09749 -rdynamic  
Using built-in specs.
COLLECT_GCC=/usr/bin/cc
COLLECT_LTO_WRAPPER=/usr/lib/gcc/x86_64-linux-gnu/5/lto-wrapper
Target: x86_64-linux-gnu
Configured with: ../src/configure -v --with-pkgversion='Ubuntu 5.4.0-6ubuntu1~16.04.9' --with-bugurl=file:///usr/share/doc/gcc-5/README.Bugs --enable-languages=c,ada,c++,java,go,d,fortran,objc,obj-c++ --prefix=/usr --program-suffix=-5 --enable-shared --enable-linker-build-id --libexecdir=/usr/lib --without-included-gettext --enable-threads=posix --libdir=/usr/lib --enable-nls --with-sysroot=/ --enable-clocale=gnu --enable-libstdcxx-debug --enable-libstdcxx-time=yes --with-default-libstdcxx-abi=new --enable-gnu-unique-object --disable-vtable-verify --enable-libmpx --enable-plugin --with-system-zlib --disable-browser-plugin --enable-java-awt=gtk --enable-gtk-cairo --with-java-home=/usr/lib/jvm/java-1.5.0-gcj-5-amd64/jre --enable-java-home --with-jvm-root-dir=/usr/lib/jvm/java-1.5.0-gcj-5-amd64 --with-jvm-jar-dir=/usr/lib/jvm-exports/java-1.5.0-gcj-5-amd64 --with-arch-directory=amd64 --with-ecj-jar=/usr/share/java/eclipse-ecj.jar --enable-objc-gc --enable-multiarch --disable-werror --with-arch-32=i686 --with-abi=m64 --with-multilib-list=m32,m64,mx32 --enable-multilib --with-tune=generic --enable-checking=release --build=x86_64-linux-gnu --host=x86_64-linux-gnu --target=x86_64-linux-gnu
Thread model: posix
gcc version 5.4.0 20160609 (Ubuntu 5.4.0-6ubuntu1~16.04.9) 
COMPILER_PATH=/usr/lib/gcc/x86_64-linux-gnu/5/:/usr/lib/gcc/x86_64-linux-gnu/5/:/usr/lib/gcc/x86_64-linux-gnu/:/usr/lib/gcc/x86_64-linux-gnu/5/:/usr/lib/gcc/x86_64-linux-gnu/
LIBRARY_PATH=/usr/lib/gcc/x86_64-linux-gnu/5/:/usr/lib/gcc/x86_64-linux-gnu/5/../../../x86_64-linux-gnu/:/usr/lib/gcc/x86_64-linux-gnu/5/../../../../lib/:/lib/x86_64-linux-gnu/:/lib/../lib/:/usr/lib/x86_64-linux-gnu/:/usr/lib/../lib/:/usr/lib/gcc/x86_64-linux-gnu/5/../../../:/lib/:/usr/lib/
COLLECT_GCC_OPTIONS='-v' '-o' 'cmTC_09749' '-rdynamic' '-mtune=generic' '-march=x86-64'
 /usr/lib/gcc/x86_64-linux-gnu/5/collect2 -plugin /usr/lib/gcc/x86_64-linux-gnu/5/liblto_plugin.so -plugin-opt=/usr/lib/gcc/x86_64-linux-gnu/5/lto-wrapper -plugin-opt=-fresolution=/tmp/ccyfYrvq.res -plugin-opt=-pass-through=-lgcc -plugin-opt=-pass-through=-lgcc_s -plugin-opt=-pass-through=-lc -plugin-opt=-pass-through=-lgcc -plugin-opt=-pass-through=-lgcc_s --sysroot=/ --build-id --eh-frame-hdr -m elf_x86_64 --hash-style=gnu --as-needed -export-dynamic -dynamic-linker /lib64/ld-linux-x86-64.so.2 -z relro -o cmTC_09749 /usr/lib/gcc/x86_64-linux-gnu/5/../../../x86_64-linux-gnu/crt1.o /usr/lib/gcc/x86_64-linux-gnu/5/../../../x86_64-linux-gnu/crti.o /usr/lib/gcc/x86_64-linux-gnu/5/crtbegin.o -L/usr/lib/gcc/x86_64-linux-gnu/5 -L/usr/lib/gcc/x86_64-linux-gnu/5/../../../x86_64-linux-gnu -L/usr/lib/gcc/x86_64-linux-gnu/5/../../../../lib -L/lib/x86_64-linux-gnu -L/lib/../lib -L/usr/lib/x86_64-linux-gnu -L/usr/lib/../lib -L/usr/lib/gcc/x86_64-linux-gnu/5/../../.. CMakeFiles/cmTC_09749.dir/CMakeCCompilerABI.c.o -lgcc --as-needed -lgcc_s --no-as-needed -lc -lgcc --as-needed -lgcc_s --no-as-needed /usr/lib/gcc/x86_64-linux-gnu/5/crtend.o /usr/lib/gcc/x86_64-linux-gnu/5/../../../x86_64-linux-gnu/crtn.o
make[1]: Leaving directory '/home/lee/OpenFace/distro/build/CMakeFiles/CMakeTmp'


Parsed C implicit link information from above output:
  link line regex: [^( *|.*[/\])(ld|([^/\]+-)?ld|collect2)[^/\]*( |$)]
  ignore line: [Change Dir: /home/lee/OpenFace/distro/build/CMakeFiles/CMakeTmp]
  ignore line: []
  ignore line: [Run Build Command:"/usr/bin/make" "cmTC_09749/fast"]
  ignore line: [/usr/bin/make -f CMakeFiles/cmTC_09749.dir/build.make CMakeFiles/cmTC_09749.dir/build]
  ignore line: [make[1]: Entering directory '/home/lee/OpenFace/distro/build/CMakeFiles/CMakeTmp']
  ignore line: [Building C object CMakeFiles/cmTC_09749.dir/CMakeCCompilerABI.c.o]
  ignore line: [/usr/bin/cc     -o CMakeFiles/cmTC_09749.dir/CMakeCCompilerABI.c.o   -c /usr/share/cmake-3.5/Modules/CMakeCCompilerABI.c]
  ignore line: [Linking C executable cmTC_09749]
  ignore line: [/usr/bin/cmake -E cmake_link_script CMakeFiles/cmTC_09749.dir/link.txt --verbose=1]
  ignore line: [/usr/bin/cc      -v CMakeFiles/cmTC_09749.dir/CMakeCCompilerABI.c.o  -o cmTC_09749 -rdynamic  ]
  ignore line: [Using built-in specs.]
  ignore line: [COLLECT_GCC=/usr/bin/cc]
  ignore line: [COLLECT_LTO_WRAPPER=/usr/lib/gcc/x86_64-linux-gnu/5/lto-wrapper]
  ignore line: [Target: x86_64-linux-gnu]
  ignore line: [Configured with: ../src/configure -v --with-pkgversion='Ubuntu 5.4.0-6ubuntu1~16.04.9' --with-bugurl=file:///usr/share/doc/gcc-5/README.Bugs --enable-languages=c,ada,c++,java,go,d,fortran,objc,obj-c++ --prefix=/usr --program-suffix=-5 --enable-shared --enable-linker-build-id --libexecdir=/usr/lib --without-included-gettext --enable-threads=posix --libdir=/usr/lib --enable-nls --with-sysroot=/ --enable-clocale=gnu --enable-libstdcxx-debug --enable-libstdcxx-time=yes --with-default-libstdcxx-abi=new --enable-gnu-unique-object --disable-vtable-verify --enable-libmpx --enable-plugin --with-system-zlib --disable-browser-plugin --enable-java-awt=gtk --enable-gtk-cairo --with-java-home=/usr/lib/jvm/java-1.5.0-gcj-5-amd64/jre --enable-java-home --with-jvm-root-dir=/usr/lib/jvm/java-1.5.0-gcj-5-amd64 --with-jvm-jar-dir=/usr/lib/jvm-exports/java-1.5.0-gcj-5-amd64 --with-arch-directory=amd64 --with-ecj-jar=/usr/share/java/eclipse-ecj.jar --enable-objc-gc --enable-multiarch --disable-werror --with-arch-32=i686 --with-abi=m64 --with-multilib-list=m32,m64,mx32 --enable-multilib --with-tune=generic --enable-checking=release --build=x86_64-linux-gnu --host=x86_64-linux-gnu --target=x86_64-linux-gnu]
  ignore line: [Thread model: posix]
  ignore line: [gcc version 5.4.0 20160609 (Ubuntu 5.4.0-6ubuntu1~16.04.9) ]
  ignore line: [COMPILER_PATH=/usr/lib/gcc/x86_64-linux-gnu/5/:/usr/lib/gcc/x86_64-linux-gnu/5/:/usr/lib/gcc/x86_64-linux-gnu/:/usr/lib/gcc/x86_64-linux-gnu/5/:/usr/lib/gcc/x86_64-linux-gnu/]
  ignore line: [LIBRARY_PATH=/usr/lib/gcc/x86_64-linux-gnu/5/:/usr/lib/gcc/x86_64-linux-gnu/5/../../../x86_64-linux-gnu/:/usr/lib/gcc/x86_64-linux-gnu/5/../../../../lib/:/lib/x86_64-linux-gnu/:/lib/../lib/:/usr/lib/x86_64-linux-gnu/:/usr/lib/../lib/:/usr/lib/gcc/x86_64-linux-gnu/5/../../../:/lib/:/usr/lib/]
  ignore line: [COLLECT_GCC_OPTIONS='-v' '-o' 'cmTC_09749' '-rdynamic' '-mtune=generic' '-march=x86-64']
  link line: [ /usr/lib/gcc/x86_64-linux-gnu/5/collect2 -plugin /usr/lib/gcc/x86_64-linux-gnu/5/liblto_plugin.so -plugin-opt=/usr/lib/gcc/x86_64-linux-gnu/5/lto-wrapper -plugin-opt=-fresolution=/tmp/ccyfYrvq.res -plugin-opt=-pass-through=-lgcc -plugin-opt=-pass-through=-lgcc_s -plugin-opt=-pass-through=-lc -plugin-opt=-pass-through=-lgcc -plugin-opt=-pass-through=-lgcc_s --sysroot=/ --build-id --eh-frame-hdr -m elf_x86_64 --hash-style=gnu --as-needed -export-dynamic -dynamic-linker /lib64/ld-linux-x86-64.so.2 -z relro -o cmTC_09749 /usr/lib/gcc/x86_64-linux-gnu/5/../../../x86_64-linux-gnu/crt1.o /usr/lib/gcc/x86_64-linux-gnu/5/../../../x86_64-linux-gnu/crti.o /usr/lib/gcc/x86_64-linux-gnu/5/crtbegin.o -L/usr/lib/gcc/x86_64-linux-gnu/5 -L/usr/lib/gcc/x86_64-linux-gnu/5/../../../x86_64-linux-gnu -L/usr/lib/gcc/x86_64-linux-gnu/5/../../../../lib -L/lib/x86_64-linux-gnu -L/lib/../lib -L/usr/lib/x86_64-linux-gnu -L/usr/lib/../lib -L/usr/lib/gcc/x86_64-linux-gnu/5/../../.. CMakeFiles/cmTC_09749.dir/CMakeCCompilerABI.c.o -lgcc --as-needed -lgcc_s --no-as-needed -lc -lgcc --as-needed -lgcc_s --no-as-needed /usr/lib/gcc/x86_64-linux-gnu/5/crtend.o /usr/lib/gcc/x86_64-linux-gnu/5/../../../x86_64-linux-gnu/crtn.o]
    arg [/usr/lib/gcc/x86_64-linux-gnu/5/collect2] ==> ignore
    arg [-plugin] ==> ignore
    arg [/usr/lib/gcc/x86_64-linux-gnu/5/liblto_plugin.so] ==> ignore
    arg [-plugin-opt=/usr/lib/gcc/x86_64-linux-gnu/5/lto-wrapper] ==> ignore
    arg [-plugin-opt=-fresolution=/tmp/ccyfYrvq.res] ==> ignore
    arg [-plugin-opt=-pass-through=-lgcc] ==> ignore
    arg [-plugin-opt=-pass-through=-lgcc_s] ==> ignore
    arg [-plugin-opt=-pass-through=-lc] ==> ignore
    arg [-plugin-opt=-pass-through=-lgcc] ==> ignore
    arg [-plugin-opt=-pass-through=-lgcc_s] ==> ignore
    arg [--sysroot=/] ==> ignore
    arg [--build-id] ==> ignore
    arg [--eh-frame-hdr] ==> ignore
    arg [-m] ==> ignore
    arg [elf_x86_64] ==> ignore
    arg [--hash-style=gnu] ==> ignore
    arg [--as-needed] ==> ignore
    arg [-export-dynamic] ==> ignore
    arg [-dynamic-linker] ==> ignore
    arg [/lib64/ld-linux-x86-64.so.2] ==> ignore
    arg [-zrelro] ==> ignore
    arg [-o] ==> ignore
    arg [cmTC_09749] ==> ignore
    arg [/usr/lib/gcc/x86_64-linux-gnu/5/../../../x86_64-linux-gnu/crt1.o] ==> ignore
    arg [/usr/lib/gcc/x86_64-linux-gnu/5/../../../x86_64-linux-gnu/crti.o] ==> ignore
    arg [/usr/lib/gcc/x86_64-linux-gnu/5/crtbegin.o] ==> ignore
    arg [-L/usr/lib/gcc/x86_64-linux-gnu/5] ==> dir [/usr/lib/gcc/x86_64-linux-gnu/5]
    arg [-L/usr/lib/gcc/x86_64-linux-gnu/5/../../../x86_64-linux-gnu] ==> dir [/usr/lib/gcc/x86_64-linux-gnu/5/../../../x86_64-linux-gnu]
    arg [-L/usr/lib/gcc/x86_64-linux-gnu/5/../../../../lib] ==> dir [/usr/lib/gcc/x86_64-linux-gnu/5/../../../../lib]
    arg [-L/lib/x86_64-linux-gnu] ==> dir [/lib/x86_64-linux-gnu]
    arg [-L/lib/../lib] ==> dir [/lib/../lib]
    arg [-L/usr/lib/x86_64-linux-gnu] ==> dir [/usr/lib/x86_64-linux-gnu]
    arg [-L/usr/lib/../lib] ==> dir [/usr/lib/../lib]
    arg [-L/usr/lib/gcc/x86_64-linux-gnu/5/../../..] ==> dir [/usr/lib/gcc/x86_64-linux-gnu/5/../../..]
    arg [CMakeFiles/cmTC_09749.dir/CMakeCCompilerABI.c.o] ==> ignore
    arg [-lgcc] ==> lib [gcc]
    arg [--as-needed] ==> ignore
    arg [-lgcc_s] ==> lib [gcc_s]
    arg [--no-as-needed] ==> ignore
    arg [-lc] ==> lib [c]
    arg [-lgcc] ==> lib [gcc]
    arg [--as-needed] ==> ignore
    arg [-lgcc_s] ==> lib [gcc_s]
    arg [--no-as-needed] ==> ignore
    arg [/usr/lib/gcc/x86_64-linux-gnu/5/crtend.o] ==> ignore
    arg [/usr/lib/gcc/x86_64-linux-gnu/5/../../../x86_64-linux-gnu/crtn.o] ==> ignore
  remove lib [gcc]
  remove lib [gcc_s]
  remove lib [gcc]
  remove lib [gcc_s]
  collapse library dir [/usr/lib/gcc/x86_64-linux-gnu/5] ==> [/usr/lib/gcc/x86_64-linux-gnu/5]
  collapse library dir [/usr/lib/gcc/x86_64-linux-gnu/5/../../../x86_64-linux-gnu] ==> [/usr/lib/x86_64-linux-gnu]
  collapse library dir [/usr/lib/gcc/x86_64-linux-gnu/5/../../../../lib] ==> [/usr/lib]
  collapse library dir [/lib/x86_64-linux-gnu] ==> [/lib/x86_64-linux-gnu]
  collapse library dir [/lib/../lib] ==> [/lib]
  collapse library dir [/usr/lib/x86_64-linux-gnu] ==> [/usr/lib/x86_64-linux-gnu]
  collapse library dir [/usr/lib/../lib] ==> [/usr/lib]
  collapse library dir [/usr/lib/gcc/x86_64-linux-gnu/5/../../..] ==> [/usr/lib]
  implicit libs: [c]
  implicit dirs: [/usr/lib/gcc/x86_64-linux-gnu/5;/usr/lib/x86_64-linux-gnu;/usr/lib;/lib/x86_64-linux-gnu;/lib]
  implicit fwks: []




Detecting C [-std=c11] compiler features compiled with the following output:
Change Dir: /home/lee/OpenFace/distro/build/CMakeFiles/CMakeTmp

Run Build Command:"/usr/bin/make" "cmTC_c6193/fast"
/usr/bin/make -f CMakeFiles/cmTC_c6193.dir/build.make CMakeFiles/cmTC_c6193.dir/build
make[1]: Entering directory '/home/lee/OpenFace/distro/build/CMakeFiles/CMakeTmp'
Building C object CMakeFiles/cmTC_c6193.dir/feature_tests.c.o
/usr/bin/cc    -std=c11 -o CMakeFiles/cmTC_c6193.dir/feature_tests.c.o   -c /home/lee/OpenFace/distro/build/CMakeFiles/feature_tests.c
Linking C executable cmTC_c6193
/usr/bin/cmake -E cmake_link_script CMakeFiles/cmTC_c6193.dir/link.txt --verbose=1
/usr/bin/cc       CMakeFiles/cmTC_c6193.dir/feature_tests.c.o  -o cmTC_c6193 -rdynamic 
make[1]: Leaving directory '/home/lee/OpenFace/distro/build/CMakeFiles/CMakeTmp'


    Feature record: C_FEATURE:1c_function_prototypes
    Feature record: C_FEATURE:1c_restrict
    Feature record: C_FEATURE:1c_static_assert
    Feature record: C_FEATURE:1c_variadic_macros


Detecting C [-std=c99] compiler features compiled with the following output:
Change Dir: /home/lee/OpenFace/distro/build/CMakeFiles/CMakeTmp

Run Build Command:"/usr/bin/make" "cmTC_f1811/fast"
/usr/bin/make -f CMakeFiles/cmTC_f1811.dir/build.make CMakeFiles/cmTC_f1811.dir/build
make[1]: Entering directory '/home/lee/OpenFace/distro/build/CMakeFiles/CMakeTmp'
Building C object CMakeFiles/cmTC_f1811.dir/feature_tests.c.o
/usr/bin/cc    -std=c99 -o CMakeFiles/cmTC_f1811.dir/feature_tests.c.o   -c /home/lee/OpenFace/distro/build/CMakeFiles/feature_tests.c
Linking C executable cmTC_f1811
/usr/bin/cmake -E cmake_link_script CMakeFiles/cmTC_f1811.dir/link.txt --verbose=1
/usr/bin/cc       CMakeFiles/cmTC_f1811.dir/feature_tests.c.o  -o cmTC_f1811 -rdynamic 
make[1]: Leaving directory '/home/lee/OpenFace/distro/build/CMakeFiles/CMakeTmp'


    Feature record: C_FEATURE:1c_function_prototypes
    Feature record: C_FEATURE:1c_restrict
    Feature record: C_FEATURE:0c_static_assert
    Feature record: C_FEATURE:1c_variadic_macros


Detecting C [-std=c90] compiler features compiled with the following output:
Change Dir: /home/lee/OpenFace/distro/build/CMakeFiles/CMakeTmp

Run Build Command:"/usr/bin/make" "cmTC_e4588/fast"
/usr/bin/make -f CMakeFiles/cmTC_e4588.dir/build.make CMakeFiles/cmTC_e4588.dir/build
make[1]: Entering directory '/home/lee/OpenFace/distro/build/CMakeFiles/CMakeTmp'
Building C object CMakeFiles/cmTC_e4588.dir/feature_tests.c.o
/usr/bin/cc    -std=c90 -o CMakeFiles/cmTC_e4588.dir/feature_tests.c.o   -c /home/lee/OpenFace/distro/build/CMakeFiles/feature_tests.c
Linking C executable cmTC_e4588
/usr/bin/cmake -E cmake_link_script CMakeFiles/cmTC_e4588.dir/link.txt --verbose=1
/usr/bin/cc       CMakeFiles/cmTC_e4588.dir/feature_tests.c.o  -o cmTC_e4588 -rdynamic 
make[1]: Leaving directory '/home/lee/OpenFace/distro/build/CMakeFiles/CMakeTmp'


    Feature record: C_FEATURE:1c_function_prototypes
    Feature record: C_FEATURE:0c_restrict
    Feature record: C_FEATURE:0c_static_assert
    Feature record: C_FEATURE:0c_variadic_macros
Determining if the CXX compiler works passed with the following output:
Change Dir: /home/lee/OpenFace/distro/build/CMakeFiles/CMakeTmp

Run Build Command:"/usr/bin/make" "cmTC_45c1e/fast"
/usr/bin/make -f CMakeFiles/cmTC_45c1e.dir/build.make CMakeFiles/cmTC_45c1e.dir/build
make[1]: Entering directory '/home/lee/OpenFace/distro/build/CMakeFiles/CMakeTmp'
Building CXX object CMakeFiles/cmTC_45c1e.dir/testCXXCompiler.cxx.o
/usr/bin/c++      -o CMakeFiles/cmTC_45c1e.dir/testCXXCompiler.cxx.o -c /home/lee/OpenFace/distro/build/CMakeFiles/CMakeTmp/testCXXCompiler.cxx
Linking CXX executable cmTC_45c1e
/usr/bin/cmake -E cmake_link_script CMakeFiles/cmTC_45c1e.dir/link.txt --verbose=1
/usr/bin/c++        CMakeFiles/cmTC_45c1e.dir/testCXXCompiler.cxx.o  -o cmTC_45c1e -rdynamic 
make[1]: Leaving directory '/home/lee/OpenFace/distro/build/CMakeFiles/CMakeTmp'


Detecting CXX compiler ABI info compiled with the following output:
Change Dir: /home/lee/OpenFace/distro/build/CMakeFiles/CMakeTmp

Run Build Command:"/usr/bin/make" "cmTC_c3009/fast"
/usr/bin/make -f CMakeFiles/cmTC_c3009.dir/build.make CMakeFiles/cmTC_c3009.dir/build
make[1]: Entering directory '/home/lee/OpenFace/distro/build/CMakeFiles/CMakeTmp'
Building CXX object CMakeFiles/cmTC_c3009.dir/CMakeCXXCompilerABI.cpp.o
/usr/bin/c++      -o CMakeFiles/cmTC_c3009.dir/CMakeCXXCompilerABI.cpp.o -c /usr/share/cmake-3.5/Modules/CMakeCXXCompilerABI.cpp
Linking CXX executable cmTC_c3009
/usr/bin/cmake -E cmake_link_script CMakeFiles/cmTC_c3009.dir/link.txt --verbose=1
/usr/bin/c++       -v CMakeFiles/cmTC_c3009.dir/CMakeCXXCompilerABI.cpp.o  -o cmTC_c3009 -rdynamic  
Using built-in specs.
COLLECT_GCC=/usr/bin/c++
COLLECT_LTO_WRAPPER=/usr/lib/gcc/x86_64-linux-gnu/5/lto-wrapper
Target: x86_64-linux-gnu
Configured with: ../src/configure -v --with-pkgversion='Ubuntu 5.4.0-6ubuntu1~16.04.9' --with-bugurl=file:///usr/share/doc/gcc-5/README.Bugs --enable-languages=c,ada,c++,java,go,d,fortran,objc,obj-c++ --prefix=/usr --program-suffix=-5 --enable-shared --enable-linker-build-id --libexecdir=/usr/lib --without-included-gettext --enable-threads=posix --libdir=/usr/lib --enable-nls --with-sysroot=/ --enable-clocale=gnu --enable-libstdcxx-debug --enable-libstdcxx-time=yes --with-default-libstdcxx-abi=new --enable-gnu-unique-object --disable-vtable-verify --enable-libmpx --enable-plugin --with-system-zlib --disable-browser-plugin --enable-java-awt=gtk --enable-gtk-cairo --with-java-home=/usr/lib/jvm/java-1.5.0-gcj-5-amd64/jre --enable-java-home --with-jvm-root-dir=/usr/lib/jvm/java-1.5.0-gcj-5-amd64 --with-jvm-jar-dir=/usr/lib/jvm-exports/java-1.5.0-gcj-5-amd64 --with-arch-directory=amd64 --with-ecj-jar=/usr/share/java/eclipse-ecj.jar --enable-objc-gc --enable-multiarch --disable-werror --with-arch-32=i686 --with-abi=m64 --with-multilib-list=m32,m64,mx32 --enable-multilib --with-tune=generic --enable-checking=release --build=x86_64-linux-gnu --host=x86_64-linux-gnu --target=x86_64-linux-gnu
Thread model: posix
gcc version 5.4.0 20160609 (Ubuntu 5.4.0-6ubuntu1~16.04.9) 
COMPILER_PATH=/usr/lib/gcc/x86_64-linux-gnu/5/:/usr/lib/gcc/x86_64-linux-gnu/5/:/usr/lib/gcc/x86_64-linux-gnu/:/usr/lib/gcc/x86_64-linux-gnu/5/:/usr/lib/gcc/x86_64-linux-gnu/
LIBRARY_PATH=/usr/lib/gcc/x86_64-linux-gnu/5/:/usr/lib/gcc/x86_64-linux-gnu/5/../../../x86_64-linux-gnu/:/usr/lib/gcc/x86_64-linux-gnu/5/../../../../lib/:/lib/x86_64-linux-gnu/:/lib/../lib/:/usr/lib/x86_64-linux-gnu/:/usr/lib/../lib/:/usr/lib/gcc/x86_64-linux-gnu/5/../../../:/lib/:/usr/lib/
COLLECT_GCC_OPTIONS='-v' '-o' 'cmTC_c3009' '-rdynamic' '-shared-libgcc' '-mtune=generic' '-march=x86-64'
 /usr/lib/gcc/x86_64-linux-gnu/5/collect2 -plugin /usr/lib/gcc/x86_64-linux-gnu/5/liblto_plugin.so -plugin-opt=/usr/lib/gcc/x86_64-linux-gnu/5/lto-wrapper -plugin-opt=-fresolution=/tmp/ccAZdV5c.res -plugin-opt=-pass-through=-lgcc_s -plugin-opt=-pass-through=-lgcc -plugin-opt=-pass-through=-lc -plugin-opt=-pass-through=-lgcc_s -plugin-opt=-pass-through=-lgcc --sysroot=/ --build-id --eh-frame-hdr -m elf_x86_64 --hash-style=gnu --as-needed -export-dynamic -dynamic-linker /lib64/ld-linux-x86-64.so.2 -z relro -o cmTC_c3009 /usr/lib/gcc/x86_64-linux-gnu/5/../../../x86_64-linux-gnu/crt1.o /usr/lib/gcc/x86_64-linux-gnu/5/../../../x86_64-linux-gnu/crti.o /usr/lib/gcc/x86_64-linux-gnu/5/crtbegin.o -L/usr/lib/gcc/x86_64-linux-gnu/5 -L/usr/lib/gcc/x86_64-linux-gnu/5/../../../x86_64-linux-gnu -L/usr/lib/gcc/x86_64-linux-gnu/5/../../../../lib -L/lib/x86_64-linux-gnu -L/lib/../lib -L/usr/lib/x86_64-linux-gnu -L/usr/lib/../lib -L/usr/lib/gcc/x86_64-linux-gnu/5/../../.. CMakeFiles/cmTC_c3009.dir/CMakeCXXCompilerABI.cpp.o -lstdc++ -lm -lgcc_s -lgcc -lc -lgcc_s -lgcc /usr/lib/gcc/x86_64-linux-gnu/5/crtend.o /usr/lib/gcc/x86_64-linux-gnu/5/../../../x86_64-linux-gnu/crtn.o
make[1]: Leaving directory '/home/lee/OpenFace/distro/build/CMakeFiles/CMakeTmp'


Parsed CXX implicit link information from above output:
  link line regex: [^( *|.*[/\])(ld|([^/\]+-)?ld|collect2)[^/\]*( |$)]
  ignore line: [Change Dir: /home/lee/OpenFace/distro/build/CMakeFiles/CMakeTmp]
  ignore line: []
  ignore line: [Run Build Command:"/usr/bin/make" "cmTC_c3009/fast"]
  ignore line: [/usr/bin/make -f CMakeFiles/cmTC_c3009.dir/build.make CMakeFiles/cmTC_c3009.dir/build]
  ignore line: [make[1]: Entering directory '/home/lee/OpenFace/distro/build/CMakeFiles/CMakeTmp']
  ignore line: [Building CXX object CMakeFiles/cmTC_c3009.dir/CMakeCXXCompilerABI.cpp.o]
  ignore line: [/usr/bin/c++      -o CMakeFiles/cmTC_c3009.dir/CMakeCXXCompilerABI.cpp.o -c /usr/share/cmake-3.5/Modules/CMakeCXXCompilerABI.cpp]
  ignore line: [Linking CXX executable cmTC_c3009]
  ignore line: [/usr/bin/cmake -E cmake_link_script CMakeFiles/cmTC_c3009.dir/link.txt --verbose=1]
  ignore line: [/usr/bin/c++       -v CMakeFiles/cmTC_c3009.dir/CMakeCXXCompilerABI.cpp.o  -o cmTC_c3009 -rdynamic  ]
  ignore line: [Using built-in specs.]
  ignore line: [COLLECT_GCC=/usr/bin/c++]
  ignore line: [COLLECT_LTO_WRAPPER=/usr/lib/gcc/x86_64-linux-gnu/5/lto-wrapper]
  ignore line: [Target: x86_64-linux-gnu]
  ignore line: [Configured with: ../src/configure -v --with-pkgversion='Ubuntu 5.4.0-6ubuntu1~16.04.9' --with-bugurl=file:///usr/share/doc/gcc-5/README.Bugs --enable-languages=c,ada,c++,java,go,d,fortran,objc,obj-c++ --prefix=/usr --program-suffix=-5 --enable-shared --enable-linker-build-id --libexecdir=/usr/lib --without-included-gettext --enable-threads=posix --libdir=/usr/lib --enable-nls --with-sysroot=/ --enable-clocale=gnu --enable-libstdcxx-debug --enable-libstdcxx-time=yes --with-default-libstdcxx-abi=new --enable-gnu-unique-object --disable-vtable-verify --enable-libmpx --enable-plugin --with-system-zlib --disable-browser-plugin --enable-java-awt=gtk --enable-gtk-cairo --with-java-home=/usr/lib/jvm/java-1.5.0-gcj-5-amd64/jre --enable-java-home --with-jvm-root-dir=/usr/lib/jvm/java-1.5.0-gcj-5-amd64 --with-jvm-jar-dir=/usr/lib/jvm-exports/java-1.5.0-gcj-5-amd64 --with-arch-directory=amd64 --with-ecj-jar=/usr/share/java/eclipse-ecj.jar --enable-objc-gc --enable-multiarch --disable-werror --with-arch-32=i686 --with-abi=m64 --with-multilib-list=m32,m64,mx32 --enable-multilib --with-tune=generic --enable-checking=release --build=x86_64-linux-gnu --host=x86_64-linux-gnu --target=x86_64-linux-gnu]
  ignore line: [Thread model: posix]
  ignore line: [gcc version 5.4.0 20160609 (Ubuntu 5.4.0-6ubuntu1~16.04.9) ]
  ignore line: [COMPILER_PATH=/usr/lib/gcc/x86_64-linux-gnu/5/:/usr/lib/gcc/x86_64-linux-gnu/5/:/usr/lib/gcc/x86_64-linux-gnu/:/usr/lib/gcc/x86_64-linux-gnu/5/:/usr/lib/gcc/x86_64-linux-gnu/]
  ignore line: [LIBRARY_PATH=/usr/lib/gcc/x86_64-linux-gnu/5/:/usr/lib/gcc/x86_64-linux-gnu/5/../../../x86_64-linux-gnu/:/usr/lib/gcc/x86_64-linux-gnu/5/../../../../lib/:/lib/x86_64-linux-gnu/:/lib/../lib/:/usr/lib/x86_64-linux-gnu/:/usr/lib/../lib/:/usr/lib/gcc/x86_64-linux-gnu/5/../../../:/lib/:/usr/lib/]
  ignore line: [COLLECT_GCC_OPTIONS='-v' '-o' 'cmTC_c3009' '-rdynamic' '-shared-libgcc' '-mtune=generic' '-march=x86-64']
  link line: [ /usr/lib/gcc/x86_64-linux-gnu/5/collect2 -plugin /usr/lib/gcc/x86_64-linux-gnu/5/liblto_plugin.so -plugin-opt=/usr/lib/gcc/x86_64-linux-gnu/5/lto-wrapper -plugin-opt=-fresolution=/tmp/ccAZdV5c.res -plugin-opt=-pass-through=-lgcc_s -plugin-opt=-pass-through=-lgcc -plugin-opt=-pass-through=-lc -plugin-opt=-pass-through=-lgcc_s -plugin-opt=-pass-through=-lgcc --sysroot=/ --build-id --eh-frame-hdr -m elf_x86_64 --hash-style=gnu --as-needed -export-dynamic -dynamic-linker /lib64/ld-linux-x86-64.so.2 -z relro -o cmTC_c3009 /usr/lib/gcc/x86_64-linux-gnu/5/../../../x86_64-linux-gnu/crt1.o /usr/lib/gcc/x86_64-linux-gnu/5/../../../x86_64-linux-gnu/crti.o /usr/lib/gcc/x86_64-linux-gnu/5/crtbegin.o -L/usr/lib/gcc/x86_64-linux-gnu/5 -L/usr/lib/gcc/x86_64-linux-gnu/5/../../../x86_64-linux-gnu -L/usr/lib/gcc/x86_64-linux-gnu/5/../../../../lib -L/lib/x86_64-linux-gnu -L/lib/../lib -L/usr/lib/x86_64-linux-gnu -L/usr/lib/../lib -L/usr/lib/gcc/x86_64-linux-gnu/5/../../.. CMakeFiles/cmTC_c3009.dir/CMakeCXXCompilerABI.cpp.o -lstdc++ -lm -lgcc_s -lgcc -lc -lgcc_s -lgcc /usr/lib/gcc/x86_64-linux-gnu/5/crtend.o /usr/lib/gcc/x86_64-linux-gnu/5/../../../x86_64-linux-gnu/crtn.o]
    arg [/usr/lib/gcc/x86_64-linux-gnu/5/collect2] ==> ignore
    arg [-plugin] ==> ignore
    arg [/usr/lib/gcc/x86_64-linux-gnu/5/liblto_plugin.so] ==> ignore
    arg [-plugin-opt=/usr/lib/gcc/x86_64-linux-gnu/5/lto-wrapper] ==> ignore
    arg [-plugin-opt=-fresolution=/tmp/ccAZdV5c.res] ==> ignore
    arg [-plugin-opt=-pass-through=-lgcc_s] ==> ignore
    arg [-plugin-opt=-pass-through=-lgcc] ==> ignore
    arg [-plugin-opt=-pass-through=-lc] ==> ignore
    arg [-plugin-opt=-pass-through=-lgcc_s] ==> ignore
    arg [-plugin-opt=-pass-through=-lgcc] ==> ignore
    arg [--sysroot=/] ==> ignore
    arg [--build-id] ==> ignore
    arg [--eh-frame-hdr] ==> ignore
    arg [-m] ==> ignore
    arg [elf_x86_64] ==> ignore
    arg [--hash-style=gnu] ==> ignore
    arg [--as-needed] ==> ignore
    arg [-export-dynamic] ==> ignore
    arg [-dynamic-linker] ==> ignore
    arg [/lib64/ld-linux-x86-64.so.2] ==> ignore
    arg [-zrelro] ==> ignore
    arg [-o] ==> ignore
    arg [cmTC_c3009] ==> ignore
    arg [/usr/lib/gcc/x86_64-linux-gnu/5/../../../x86_64-linux-gnu/crt1.o] ==> ignore
    arg [/usr/lib/gcc/x86_64-linux-gnu/5/../../../x86_64-linux-gnu/crti.o] ==> ignore
    arg [/usr/lib/gcc/x86_64-linux-gnu/5/crtbegin.o] ==> ignore
    arg [-L/usr/lib/gcc/x86_64-linux-gnu/5] ==> dir [/usr/lib/gcc/x86_64-linux-gnu/5]
    arg [-L/usr/lib/gcc/x86_64-linux-gnu/5/../../../x86_64-linux-gnu] ==> dir [/usr/lib/gcc/x86_64-linux-gnu/5/../../../x86_64-linux-gnu]
    arg [-L/usr/lib/gcc/x86_64-linux-gnu/5/../../../../lib] ==> dir [/usr/lib/gcc/x86_64-linux-gnu/5/../../../../lib]
    arg [-L/lib/x86_64-linux-gnu] ==> dir [/lib/x86_64-linux-gnu]
    arg [-L/lib/../lib] ==> dir [/lib/../lib]
    arg [-L/usr/lib/x86_64-linux-gnu] ==> dir [/usr/lib/x86_64-linux-gnu]
    arg [-L/usr/lib/../lib] ==> dir [/usr/lib/../lib]
    arg [-L/usr/lib/gcc/x86_64-linux-gnu/5/../../..] ==> dir [/usr/lib/gcc/x86_64-linux-gnu/5/../../..]
    arg [CMakeFiles/cmTC_c3009.dir/CMakeCXXCompilerABI.cpp.o] ==> ignore
    arg [-lstdc++] ==> lib [stdc++]
    arg [-lm] ==> lib [m]
    arg [-lgcc_s] ==> lib [gcc_s]
    arg [-lgcc] ==> lib [gcc]
    arg [-lc] ==> lib [c]
    arg [-lgcc_s] ==> lib [gcc_s]
    arg [-lgcc] ==> lib [gcc]
    arg [/usr/lib/gcc/x86_64-linux-gnu/5/crtend.o] ==> ignore
    arg [/usr/lib/gcc/x86_64-linux-gnu/5/../../../x86_64-linux-gnu/crtn.o] ==> ignore
  remove lib [gcc_s]
  remove lib [gcc]
  remove lib [gcc_s]
  remove lib [gcc]
  collapse library dir [/usr/lib/gcc/x86_64-linux-gnu/5] ==> [/usr/lib/gcc/x86_64-linux-gnu/5]
  collapse library dir [/usr/lib/gcc/x86_64-linux-gnu/5/../../../x86_64-linux-gnu] ==> [/usr/lib/x86_64-linux-gnu]
  collapse library dir [/usr/lib/gcc/x86_64-linux-gnu/5/../../../../lib] ==> [/usr/lib]
  collapse library dir [/lib/x86_64-linux-gnu] ==> [/lib/x86_64-linux-gnu]
  collapse library dir [/lib/../lib] ==> [/lib]
  collapse library dir [/usr/lib/x86_64-linux-gnu] ==> [/usr/lib/x86_64-linux-gnu]
  collapse library dir [/usr/lib/../lib] ==> [/usr/lib]
  collapse library dir [/usr/lib/gcc/x86_64-linux-gnu/5/../../..] ==> [/usr/lib]
  implicit libs: [stdc++;m;c]
  implicit dirs: [/usr/lib/gcc/x86_64-linux-gnu/5;/usr/lib/x86_64-linux-gnu;/usr/lib;/lib/x86_64-linux-gnu;/lib]
  implicit fwks: []




Detecting CXX [-std=c++14] compiler features compiled with the following output:
Change Dir: /home/lee/OpenFace/distro/build/CMakeFiles/CMakeTmp

Run Build Command:"/usr/bin/make" "cmTC_17fec/fast"
/usr/bin/make -f CMakeFiles/cmTC_17fec.dir/build.make CMakeFiles/cmTC_17fec.dir/build
make[1]: Entering directory '/home/lee/OpenFace/distro/build/CMakeFiles/CMakeTmp'
Building CXX object CMakeFiles/cmTC_17fec.dir/feature_tests.cxx.o
/usr/bin/c++     -std=c++14 -o CMakeFiles/cmTC_17fec.dir/feature_tests.cxx.o -c /home/lee/OpenFace/distro/build/CMakeFiles/feature_tests.cxx
Linking CXX executable cmTC_17fec
/usr/bin/cmake -E cmake_link_script CMakeFiles/cmTC_17fec.dir/link.txt --verbose=1
/usr/bin/c++        CMakeFiles/cmTC_17fec.dir/feature_tests.cxx.o  -o cmTC_17fec -rdynamic 
make[1]: Leaving directory '/home/lee/OpenFace/distro/build/CMakeFiles/CMakeTmp'


    Feature record: CXX_FEATURE:1cxx_aggregate_default_initializers
    Feature record: CXX_FEATURE:1cxx_alias_templates
    Feature record: CXX_FEATURE:1cxx_alignas
    Feature record: CXX_FEATURE:1cxx_alignof
    Feature record: CXX_FEATURE:1cxx_attributes
    Feature record: CXX_FEATURE:1cxx_attribute_deprecated
    Feature record: CXX_FEATURE:1cxx_auto_type
    Feature record: CXX_FEATURE:1cxx_binary_literals
    Feature record: CXX_FEATURE:1cxx_constexpr
    Feature record: CXX_FEATURE:1cxx_contextual_conversions
    Feature record: CXX_FEATURE:1cxx_decltype
    Feature record: CXX_FEATURE:1cxx_decltype_auto
    Feature record: CXX_FEATURE:1cxx_decltype_incomplete_return_types
    Feature record: CXX_FEATURE:1cxx_default_function_template_args
    Feature record: CXX_FEATURE:1cxx_defaulted_functions
    Feature record: CXX_FEATURE:1cxx_defaulted_move_initializers
    Feature record: CXX_FEATURE:1cxx_delegating_constructors
    Feature record: CXX_FEATURE:1cxx_deleted_functions
    Feature record: CXX_FEATURE:1cxx_digit_separators
    Feature record: CXX_FEATURE:1cxx_enum_forward_declarations
    Feature record: CXX_FEATURE:1cxx_explicit_conversions
    Feature record: CXX_FEATURE:1cxx_extended_friend_declarations
    Feature record: CXX_FEATURE:1cxx_extern_templates
    Feature record: CXX_FEATURE:1cxx_final
    Feature record: CXX_FEATURE:1cxx_func_identifier
    Feature record: CXX_FEATURE:1cxx_generalized_initializers
    Feature record: CXX_FEATURE:1cxx_generic_lambdas
    Feature record: CXX_FEATURE:1cxx_inheriting_constructors
    Feature record: CXX_FEATURE:1cxx_inline_namespaces
    Feature record: CXX_FEATURE:1cxx_lambdas
    Feature record: CXX_FEATURE:1cxx_lambda_init_captures
    Feature record: CXX_FEATURE:1cxx_local_type_template_args
    Feature record: CXX_FEATURE:1cxx_long_long_type
    Feature record: CXX_FEATURE:1cxx_noexcept
    Feature record: CXX_FEATURE:1cxx_nonstatic_member_init
    Feature record: CXX_FEATURE:1cxx_nullptr
    Feature record: CXX_FEATURE:1cxx_override
    Feature record: CXX_FEATURE:1cxx_range_for
    Feature record: CXX_FEATURE:1cxx_raw_string_literals
    Feature record: CXX_FEATURE:1cxx_reference_qualified_functions
    Feature record: CXX_FEATURE:1cxx_relaxed_constexpr
    Feature record: CXX_FEATURE:1cxx_return_type_deduction
    Feature record: CXX_FEATURE:1cxx_right_angle_brackets
    Feature record: CXX_FEATURE:1cxx_rvalue_references
    Feature record: CXX_FEATURE:1cxx_sizeof_member
    Feature record: CXX_FEATURE:1cxx_static_assert
    Feature record: CXX_FEATURE:1cxx_strong_enums
    Feature record: CXX_FEATURE:1cxx_template_template_parameters
    Feature record: CXX_FEATURE:1cxx_thread_local
    Feature record: CXX_FEATURE:1cxx_trailing_return_types
    Feature record: CXX_FEATURE:1cxx_unicode_literals
    Feature record: CXX_FEATURE:1cxx_uniform_initialization
    Feature record: CXX_FEATURE:1cxx_unrestricted_unions
    Feature record: CXX_FEATURE:1cxx_user_literals
    Feature record: CXX_FEATURE:1cxx_variable_templates
    Feature record: CXX_FEATURE:1cxx_variadic_macros
    Feature record: CXX_FEATURE:1cxx_variadic_templates


Detecting CXX [-std=c++11] compiler features compiled with the following output:
Change Dir: /home/lee/OpenFace/distro/build/CMakeFiles/CMakeTmp

Run Build Command:"/usr/bin/make" "cmTC_d939e/fast"
/usr/bin/make -f CMakeFiles/cmTC_d939e.dir/build.make CMakeFiles/cmTC_d939e.dir/build
make[1]: Entering directory '/home/lee/OpenFace/distro/build/CMakeFiles/CMakeTmp'
Building CXX object CMakeFiles/cmTC_d939e.dir/feature_tests.cxx.o
/usr/bin/c++     -std=c++11 -o CMakeFiles/cmTC_d939e.dir/feature_tests.cxx.o -c /home/lee/OpenFace/distro/build/CMakeFiles/feature_tests.cxx
Linking CXX executable cmTC_d939e
/usr/bin/cmake -E cmake_link_script CMakeFiles/cmTC_d939e.dir/link.txt --verbose=1
/usr/bin/c++        CMakeFiles/cmTC_d939e.dir/feature_tests.cxx.o  -o cmTC_d939e -rdynamic 
make[1]: Leaving directory '/home/lee/OpenFace/distro/build/CMakeFiles/CMakeTmp'


    Feature record: CXX_FEATURE:0cxx_aggregate_default_initializers
    Feature record: CXX_FEATURE:1cxx_alias_templates
    Feature record: CXX_FEATURE:1cxx_alignas
    Feature record: CXX_FEATURE:1cxx_alignof
    Feature record: CXX_FEATURE:1cxx_attributes
    Feature record: CXX_FEATURE:0cxx_attribute_deprecated
    Feature record: CXX_FEATURE:1cxx_auto_type
    Feature record: CXX_FEATURE:0cxx_binary_literals
    Feature record: CXX_FEATURE:1cxx_constexpr
    Feature record: CXX_FEATURE:0cxx_contextual_conversions
    Feature record: CXX_FEATURE:1cxx_decltype
    Feature record: CXX_FEATURE:0cxx_decltype_auto
    Feature record: CXX_FEATURE:1cxx_decltype_incomplete_return_types
    Feature record: CXX_FEATURE:1cxx_default_function_template_args
    Feature record: CXX_FEATURE:1cxx_defaulted_functions
    Feature record: CXX_FEATURE:1cxx_defaulted_move_initializers
    Feature record: CXX_FEATURE:1cxx_delegating_constructors
    Feature record: CXX_FEATURE:1cxx_deleted_functions
    Feature record: CXX_FEATURE:0cxx_digit_separators
    Feature record: CXX_FEATURE:1cxx_enum_forward_declarations
    Feature record: CXX_FEATURE:1cxx_explicit_conversions
    Feature record: CXX_FEATURE:1cxx_extended_friend_declarations
    Feature record: CXX_FEATURE:1cxx_extern_templates
    Feature record: CXX_FEATURE:1cxx_final
    Feature record: CXX_FEATURE:1cxx_func_identifier
    Feature record: CXX_FEATURE:1cxx_generalized_initializers
    Feature record: CXX_FEATURE:0cxx_generic_lambdas
    Feature record: CXX_FEATURE:1cxx_inheriting_constructors
    Feature record: CXX_FEATURE:1cxx_inline_namespaces
    Feature record: CXX_FEATURE:1cxx_lambdas
    Feature record: CXX_FEATURE:0cxx_lambda_init_captures
    Feature record: CXX_FEATURE:1cxx_local_type_template_args
    Feature record: CXX_FEATURE:1cxx_long_long_type
    Feature record: CXX_FEATURE:1cxx_noexcept
    Feature record: CXX_FEATURE:1cxx_nonstatic_member_init
    Feature record: CXX_FEATURE:1cxx_nullptr
    Feature record: CXX_FEATURE:1cxx_override
    Feature record: CXX_FEATURE:1cxx_range_for
    Feature record: CXX_FEATURE:1cxx_raw_string_literals
    Feature record: CXX_FEATURE:1cxx_reference_qualified_functions
    Feature record: CXX_FEATURE:0cxx_relaxed_constexpr
    Feature record: CXX_FEATURE:0cxx_return_type_deduction
    Feature record: CXX_FEATURE:1cxx_right_angle_brackets
    Feature record: CXX_FEATURE:1cxx_rvalue_references
    Feature record: CXX_FEATURE:1cxx_sizeof_member
    Feature record: CXX_FEATURE:1cxx_static_assert
    Feature record: CXX_FEATURE:1cxx_strong_enums
    Feature record: CXX_FEATURE:1cxx_template_template_parameters
    Feature record: CXX_FEATURE:1cxx_thread_local
    Feature record: CXX_FEATURE:1cxx_trailing_return_types
    Feature record: CXX_FEATURE:1cxx_unicode_literals
    Feature record: CXX_FEATURE:1cxx_uniform_initialization
    Feature record: CXX_FEATURE:1cxx_unrestricted_unions
    Feature record: CXX_FEATURE:1cxx_user_literals
    Feature record: CXX_FEATURE:0cxx_variable_templates
    Feature record: CXX_FEATURE:1cxx_variadic_macros
    Feature record: CXX_FEATURE:1cxx_variadic_templates


Detecting CXX [-std=c++98] compiler features compiled with the following output:
Change Dir: /home/lee/OpenFace/distro/build/CMakeFiles/CMakeTmp

Run Build Command:"/usr/bin/make" "cmTC_d221a/fast"
/usr/bin/make -f CMakeFiles/cmTC_d221a.dir/build.make CMakeFiles/cmTC_d221a.dir/build
make[1]: Entering directory '/home/lee/OpenFace/distro/build/CMakeFiles/CMakeTmp'
Building CXX object CMakeFiles/cmTC_d221a.dir/feature_tests.cxx.o
/usr/bin/c++     -std=c++98 -o CMakeFiles/cmTC_d221a.dir/feature_tests.cxx.o -c /home/lee/OpenFace/distro/build/CMakeFiles/feature_tests.cxx
Linking CXX executable cmTC_d221a
/usr/bin/cmake -E cmake_link_script CMakeFiles/cmTC_d221a.dir/link.txt --verbose=1
/usr/bin/c++        CMakeFiles/cmTC_d221a.dir/feature_tests.cxx.o  -o cmTC_d221a -rdynamic 
make[1]: Leaving directory '/home/lee/OpenFace/distro/build/CMakeFiles/CMakeTmp'


    Feature record: CXX_FEATURE:0cxx_aggregate_default_initializers
    Feature record: CXX_FEATURE:0cxx_alias_templates
    Feature record: CXX_FEATURE:0cxx_alignas
    Feature record: CXX_FEATURE:0cxx_alignof
    Feature record: CXX_FEATURE:0cxx_attributes
    Feature record: CXX_FEATURE:0cxx_attribute_deprecated
    Feature record: CXX_FEATURE:0cxx_auto_type
    Feature record: CXX_FEATURE:0cxx_binary_literals
    Feature record: CXX_FEATURE:0cxx_constexpr
    Feature record: CXX_FEATURE:0cxx_contextual_conversions
    Feature record: CXX_FEATURE:0cxx_decltype
    Feature record: CXX_FEATURE:0cxx_decltype_auto
    Feature record: CXX_FEATURE:0cxx_decltype_incomplete_return_types
    Feature record: CXX_FEATURE:0cxx_default_function_template_args
    Feature record: CXX_FEATURE:0cxx_defaulted_functions
    Feature record: CXX_FEATURE:0cxx_defaulted_move_initializers
    Feature record: CXX_FEATURE:0cxx_delegating_constructors
    Feature record: CXX_FEATURE:0cxx_deleted_functions
    Feature record: CXX_FEATURE:0cxx_digit_separators
    Feature record: CXX_FEATURE:0cxx_enum_forward_declarations
    Feature record: CXX_FEATURE:0cxx_explicit_conversions
    Feature record: CXX_FEATURE:0cxx_extended_friend_declarations
    Feature record: CXX_FEATURE:0cxx_extern_templates
    Feature record: CXX_FEATURE:0cxx_final
    Feature record: CXX_FEATURE:0cxx_func_identifier
    Feature record: CXX_FEATURE:0cxx_generalized_initializers
    Feature record: CXX_FEATURE:0cxx_generic_lambdas
    Feature record: CXX_FEATURE:0cxx_inheriting_constructors
    Feature record: CXX_FEATURE:0cxx_inline_namespaces
    Feature record: CXX_FEATURE:0cxx_lambdas
    Feature record: CXX_FEATURE:0cxx_lambda_init_captures
    Feature record: CXX_FEATURE:0cxx_local_type_template_args
    Feature record: CXX_FEATURE:0cxx_long_long_type
    Feature record: CXX_FEATURE:0cxx_noexcept
    Feature record: CXX_FEATURE:0cxx_nonstatic_member_init
    Feature record: CXX_FEATURE:0cxx_nullptr
    Feature record: CXX_FEATURE:0cxx_override
    Feature record: CXX_FEATURE:0cxx_range_for
    Feature record: CXX_FEATURE:0cxx_raw_string_literals
    Feature record: CXX_FEATURE:0cxx_reference_qualified_functions
    Feature record: CXX_FEATURE:0cxx_relaxed_constexpr
    Feature record: CXX_FEATURE:0cxx_return_type_deduction
    Feature record: CXX_FEATURE:0cxx_right_angle_brackets
    Feature record: CXX_FEATURE:0cxx_rvalue_references
    Feature record: CXX_FEATURE:0cxx_sizeof_member
    Feature record: CXX_FEATURE:0cxx_static_assert
    Feature record: CXX_FEATURE:0cxx_strong_enums
    Feature record: CXX_FEATURE:1cxx_template_template_parameters
    Feature record: CXX_FEATURE:0cxx_thread_local
    Feature record: CXX_FEATURE:0cxx_trailing_return_types
    Feature record: CXX_FEATURE:0cxx_unicode_literals
    Feature record: CXX_FEATURE:0cxx_uniform_initialization
    Feature record: CXX_FEATURE:0cxx_unrestricted_unions
    Feature record: CXX_FEATURE:0cxx_user_literals
    Feature record: CXX_FEATURE:0cxx_variable_templates
    Feature record: CXX_FEATURE:0cxx_variadic_macros
    Feature record: CXX_FEATURE:0cxx_variadic_templates
Determining if the include file sys/types.h exists passed with the following output:
Change Dir: /home/lee/OpenFace/distro/build/CMakeFiles/CMakeTmp

Run Build Command:"/usr/bin/make" "cmTC_ec272/fast"
/usr/bin/make -f CMakeFiles/cmTC_ec272.dir/build.make CMakeFiles/cmTC_ec272.dir/build
make[1]: Entering directory '/home/lee/OpenFace/distro/build/CMakeFiles/CMakeTmp'
Building C object CMakeFiles/cmTC_ec272.dir/CheckIncludeFile.c.o
/usr/bin/cc     -o CMakeFiles/cmTC_ec272.dir/CheckIncludeFile.c.o   -c /home/lee/OpenFace/distro/build/CMakeFiles/CMakeTmp/CheckIncludeFile.c
Linking C executable cmTC_ec272
/usr/bin/cmake -E cmake_link_script CMakeFiles/cmTC_ec272.dir/link.txt --verbose=1
/usr/bin/cc       CMakeFiles/cmTC_ec272.dir/CheckIncludeFile.c.o  -o cmTC_ec272 -rdynamic 
make[1]: Leaving directory '/home/lee/OpenFace/distro/build/CMakeFiles/CMakeTmp'


Determining if the include file stdint.h exists passed with the following output:
Change Dir: /home/lee/OpenFace/distro/build/CMakeFiles/CMakeTmp

Run Build Command:"/usr/bin/make" "cmTC_2bf7a/fast"
/usr/bin/make -f CMakeFiles/cmTC_2bf7a.dir/build.make CMakeFiles/cmTC_2bf7a.dir/build
make[1]: Entering directory '/home/lee/OpenFace/distro/build/CMakeFiles/CMakeTmp'
Building C object CMakeFiles/cmTC_2bf7a.dir/CheckIncludeFile.c.o
/usr/bin/cc     -o CMakeFiles/cmTC_2bf7a.dir/CheckIncludeFile.c.o   -c /home/lee/OpenFace/distro/build/CMakeFiles/CMakeTmp/CheckIncludeFile.c
Linking C executable cmTC_2bf7a
/usr/bin/cmake -E cmake_link_script CMakeFiles/cmTC_2bf7a.dir/link.txt --verbose=1
/usr/bin/cc       CMakeFiles/cmTC_2bf7a.dir/CheckIncludeFile.c.o  -o cmTC_2bf7a -rdynamic 
make[1]: Leaving directory '/home/lee/OpenFace/distro/build/CMakeFiles/CMakeTmp'


Determining if the include file stddef.h exists passed with the following output:
Change Dir: /home/lee/OpenFace/distro/build/CMakeFiles/CMakeTmp

Run Build Command:"/usr/bin/make" "cmTC_451c9/fast"
/usr/bin/make -f CMakeFiles/cmTC_451c9.dir/build.make CMakeFiles/cmTC_451c9.dir/build
make[1]: Entering directory '/home/lee/OpenFace/distro/build/CMakeFiles/CMakeTmp'
Building C object CMakeFiles/cmTC_451c9.dir/CheckIncludeFile.c.o
/usr/bin/cc     -o CMakeFiles/cmTC_451c9.dir/CheckIncludeFile.c.o   -c /home/lee/OpenFace/distro/build/CMakeFiles/CMakeTmp/CheckIncludeFile.c
Linking C executable cmTC_451c9
/usr/bin/cmake -E cmake_link_script CMakeFiles/cmTC_451c9.dir/link.txt --verbose=1
/usr/bin/cc       CMakeFiles/cmTC_451c9.dir/CheckIncludeFile.c.o  -o cmTC_451c9 -rdynamic 
make[1]: Leaving directory '/home/lee/OpenFace/distro/build/CMakeFiles/CMakeTmp'


Determining size of void* passed with the following output:
Change Dir: /home/lee/OpenFace/distro/build/CMakeFiles/CMakeTmp

Run Build Command:"/usr/bin/make" "cmTC_aef9b/fast"
/usr/bin/make -f CMakeFiles/cmTC_aef9b.dir/build.make CMakeFiles/cmTC_aef9b.dir/build
make[1]: Entering directory '/home/lee/OpenFace/distro/build/CMakeFiles/CMakeTmp'
Building C object CMakeFiles/cmTC_aef9b.dir/SIZEOF_VOID_P.c.o
/usr/bin/cc     -o CMakeFiles/cmTC_aef9b.dir/SIZEOF_VOID_P.c.o   -c /home/lee/OpenFace/distro/build/CMakeFiles/CheckTypeSize/SIZEOF_VOID_P.c
Linking C executable cmTC_aef9b
/usr/bin/cmake -E cmake_link_script CMakeFiles/cmTC_aef9b.dir/link.txt --verbose=1
/usr/bin/cc       CMakeFiles/cmTC_aef9b.dir/SIZEOF_VOID_P.c.o  -o cmTC_aef9b -rdynamic 
make[1]: Leaving directory '/home/lee/OpenFace/distro/build/CMakeFiles/CMakeTmp'


Determining if the function dlopen exists passed with the following output:
Change Dir: /home/lee/OpenFace/distro/build/CMakeFiles/CMakeTmp

Run Build Command:"/usr/bin/make" "cmTC_16ad3/fast"
/usr/bin/make -f CMakeFiles/cmTC_16ad3.dir/build.make CMakeFiles/cmTC_16ad3.dir/build
make[1]: Entering directory '/home/lee/OpenFace/distro/build/CMakeFiles/CMakeTmp'
Building C object CMakeFiles/cmTC_16ad3.dir/CheckFunctionExists.c.o
/usr/bin/cc    -DCHECK_FUNCTION_EXISTS=dlopen   -o CMakeFiles/cmTC_16ad3.dir/CheckFunctionExists.c.o   -c /usr/share/cmake-3.5/Modules/CheckFunctionExists.c
Linking C executable cmTC_16ad3
/usr/bin/cmake -E cmake_link_script CMakeFiles/cmTC_16ad3.dir/link.txt --verbose=1
/usr/bin/cc   -DCHECK_FUNCTION_EXISTS=dlopen    CMakeFiles/cmTC_16ad3.dir/CheckFunctionExists.c.o  -o cmTC_16ad3 -rdynamic /usr/lib/x86_64-linux-gnu/libdl.so 
make[1]: Leaving directory '/home/lee/OpenFace/distro/build/CMakeFiles/CMakeTmp'


Determining if the function sin exists in the m passed with the following output:
Change Dir: /home/lee/OpenFace/distro/build/CMakeFiles/CMakeTmp

Run Build Command:"/usr/bin/make" "cmTC_84b19/fast"
/usr/bin/make -f CMakeFiles/cmTC_84b19.dir/build.make CMakeFiles/cmTC_84b19.dir/build
make[1]: Entering directory '/home/lee/OpenFace/distro/build/CMakeFiles/CMakeTmp'
Building C object CMakeFiles/cmTC_84b19.dir/CheckFunctionExists.c.o
/usr/bin/cc    -DCHECK_FUNCTION_EXISTS=sin   -o CMakeFiles/cmTC_84b19.dir/CheckFunctionExists.c.o   -c /usr/share/cmake-3.5/Modules/CheckFunctionExists.c
<command-line>:0:23: warning: conflicting types for built-in function ‘sin’
/usr/share/cmake-3.5/Modules/CheckFunctionExists.c:6:6: note: in expansion of macro ‘CHECK_FUNCTION_EXISTS’
 char CHECK_FUNCTION_EXISTS();
      ^
Linking C executable cmTC_84b19
/usr/bin/cmake -E cmake_link_script CMakeFiles/cmTC_84b19.dir/link.txt --verbose=1
/usr/bin/cc   -DCHECK_FUNCTION_EXISTS=sin    CMakeFiles/cmTC_84b19.dir/CheckFunctionExists.c.o  -o cmTC_84b19 -rdynamic -lm /usr/lib/x86_64-linux-gnu/libdl.so 
make[1]: Leaving directory '/home/lee/OpenFace/distro/build/CMakeFiles/CMakeTmp'


Determining if the function printw exists in the ncurses passed with the following output:
Change Dir: /home/lee/OpenFace/distro/build/CMakeFiles/CMakeTmp

Run Build Command:"/usr/bin/make" "cmTC_b2873/fast"
/usr/bin/make -f CMakeFiles/cmTC_b2873.dir/build.make CMakeFiles/cmTC_b2873.dir/build
make[1]: Entering directory '/home/lee/OpenFace/distro/build/CMakeFiles/CMakeTmp'
Building C object CMakeFiles/cmTC_b2873.dir/CheckFunctionExists.c.o
/usr/bin/cc    -DCHECK_FUNCTION_EXISTS=printw   -o CMakeFiles/cmTC_b2873.dir/CheckFunctionExists.c.o   -c /usr/share/cmake-3.5/Modules/CheckFunctionExists.c
Linking C executable cmTC_b2873
/usr/bin/cmake -E cmake_link_script CMakeFiles/cmTC_b2873.dir/link.txt --verbose=1
/usr/bin/cc   -DCHECK_FUNCTION_EXISTS=printw    CMakeFiles/cmTC_b2873.dir/CheckFunctionExists.c.o  -o cmTC_b2873 -rdynamic -lncurses /usr/lib/x86_64-linux-gnu/libdl.so 
make[1]: Leaving directory '/home/lee/OpenFace/distro/build/CMakeFiles/CMakeTmp'


Determining if the include file pthread.h exists passed with the following output:
Change Dir: /home/lee/OpenFace/distro/build/CMakeFiles/CMakeTmp

Run Build Command:"/usr/bin/make" "cmTC_1c274/fast"
/usr/bin/make -f CMakeFiles/cmTC_1c274.dir/build.make CMakeFiles/cmTC_1c274.dir/build
make[1]: Entering directory '/home/lee/OpenFace/distro/build/CMakeFiles/CMakeTmp'
Building C object CMakeFiles/cmTC_1c274.dir/CheckIncludeFile.c.o
/usr/bin/cc     -o CMakeFiles/cmTC_1c274.dir/CheckIncludeFile.c.o   -c /home/lee/OpenFace/distro/build/CMakeFiles/CMakeTmp/CheckIncludeFile.c
Linking C executable cmTC_1c274
/usr/bin/cmake -E cmake_link_script CMakeFiles/cmTC_1c274.dir/link.txt --verbose=1
/usr/bin/cc       CMakeFiles/cmTC_1c274.dir/CheckIncludeFile.c.o  -o cmTC_1c274 -rdynamic 
make[1]: Leaving directory '/home/lee/OpenFace/distro/build/CMakeFiles/CMakeTmp'


Determining if the function pthread_create exists in the pthread passed with the following output:
Change Dir: /home/lee/OpenFace/distro/build/CMakeFiles/CMakeTmp

Run Build Command:"/usr/bin/make" "cmTC_30ead/fast"
/usr/bin/make -f CMakeFiles/cmTC_30ead.dir/build.make CMakeFiles/cmTC_30ead.dir/build
make[1]: Entering directory '/home/lee/OpenFace/distro/build/CMakeFiles/CMakeTmp'
Building C object CMakeFiles/cmTC_30ead.dir/CheckFunctionExists.c.o
/usr/bin/cc    -DCHECK_FUNCTION_EXISTS=pthread_create   -o CMakeFiles/cmTC_30ead.dir/CheckFunctionExists.c.o   -c /usr/share/cmake-3.5/Modules/CheckFunctionExists.c
Linking C executable cmTC_30ead
/usr/bin/cmake -E cmake_link_script CMakeFiles/cmTC_30ead.dir/link.txt --verbose=1
/usr/bin/cc   -DCHECK_FUNCTION_EXISTS=pthread_create    CMakeFiles/cmTC_30ead.dir/CheckFunctionExists.c.o  -o cmTC_30ead -rdynamic -lpthread /usr/lib/x86_64-linux-gnu/libdl.so 
make[1]: Leaving directory '/home/lee/OpenFace/distro/build/CMakeFiles/CMakeTmp'


Performing C SOURCE FILE Test LJ_TARGET_X64 succeeded with the following output:
Change Dir: /home/lee/OpenFace/distro/build/CMakeFiles/CMakeTmp

Run Build Command:"/usr/bin/make" "cmTC_d3029/fast"
/usr/bin/make -f CMakeFiles/cmTC_d3029.dir/build.make CMakeFiles/cmTC_d3029.dir/build
make[1]: Entering directory '/home/lee/OpenFace/distro/build/CMakeFiles/CMakeTmp'
Building C object CMakeFiles/cmTC_d3029.dir/src.c.o
/usr/bin/cc   -I/home/lee/OpenFace/distro/build/exe/luajit-rocks/luajit-2.1 -I/home/lee/OpenFace/distro/exe/luajit-rocks/luajit-2.1/src  -DLJ_TARGET_X64   -o CMakeFiles/cmTC_d3029.dir/src.c.o   -c /home/lee/OpenFace/distro/build/CMakeFiles/CMakeTmp/src.c
Linking C executable cmTC_d3029
/usr/bin/cmake -E cmake_link_script CMakeFiles/cmTC_d3029.dir/link.txt --verbose=1
/usr/bin/cc   -DLJ_TARGET_X64    CMakeFiles/cmTC_d3029.dir/src.c.o  -o cmTC_d3029 -rdynamic /usr/lib/x86_64-linux-gnu/libdl.so 
make[1]: Leaving directory '/home/lee/OpenFace/distro/build/CMakeFiles/CMakeTmp'

Source file was:

#undef LJ_TARGET_X64
#include "lj_arch.h"
#if LJ_TARGET_X64
int main() { return 0; }
#else
#error "not defined"
#endif

Performing C SOURCE FILE Test LJ_ARCH_BITS_64 succeeded with the following output:
Change Dir: /home/lee/OpenFace/distro/build/CMakeFiles/CMakeTmp

Run Build Command:"/usr/bin/make" "cmTC_43425/fast"
/usr/bin/make -f CMakeFiles/cmTC_43425.dir/build.make CMakeFiles/cmTC_43425.dir/build
make[1]: Entering directory '/home/lee/OpenFace/distro/build/CMakeFiles/CMakeTmp'
Building C object CMakeFiles/cmTC_43425.dir/src.c.o
/usr/bin/cc   -I/home/lee/OpenFace/distro/build/exe/luajit-rocks/luajit-2.1 -I/home/lee/OpenFace/distro/exe/luajit-rocks/luajit-2.1/src  -DLJ_ARCH_BITS_64   -o CMakeFiles/cmTC_43425.dir/src.c.o   -c /home/lee/OpenFace/distro/build/CMakeFiles/CMakeTmp/src.c
Linking C executable cmTC_43425
/usr/bin/cmake -E cmake_link_script CMakeFiles/cmTC_43425.dir/link.txt --verbose=1
/usr/bin/cc   -DLJ_ARCH_BITS_64    CMakeFiles/cmTC_43425.dir/src.c.o  -o cmTC_43425 -rdynamic /usr/lib/x86_64-linux-gnu/libdl.so 
make[1]: Leaving directory '/home/lee/OpenFace/distro/build/CMakeFiles/CMakeTmp'

Source file was:

#undef LJ_ARCH_BITS
#include "lj_arch.h"
#if LJ_ARCH_BITS == 64
int main() { return 0; }
#else
#error "not defined"
#endif

Performing C SOURCE FILE Test LJ_HASJIT_1 succeeded with the following output:
Change Dir: /home/lee/OpenFace/distro/build/CMakeFiles/CMakeTmp

Run Build Command:"/usr/bin/make" "cmTC_0fc21/fast"
/usr/bin/make -f CMakeFiles/cmTC_0fc21.dir/build.make CMakeFiles/cmTC_0fc21.dir/build
make[1]: Entering directory '/home/lee/OpenFace/distro/build/CMakeFiles/CMakeTmp'
Building C object CMakeFiles/cmTC_0fc21.dir/src.c.o
/usr/bin/cc   -I/home/lee/OpenFace/distro/build/exe/luajit-rocks/luajit-2.1 -I/home/lee/OpenFace/distro/exe/luajit-rocks/luajit-2.1/src  -DLJ_HASJIT_1   -o CMakeFiles/cmTC_0fc21.dir/src.c.o   -c /home/lee/OpenFace/distro/build/CMakeFiles/CMakeTmp/src.c
Linking C executable cmTC_0fc21
/usr/bin/cmake -E cmake_link_script CMakeFiles/cmTC_0fc21.dir/link.txt --verbose=1
/usr/bin/cc   -DLJ_HASJIT_1    CMakeFiles/cmTC_0fc21.dir/src.c.o  -o cmTC_0fc21 -rdynamic /usr/lib/x86_64-linux-gnu/libdl.so 
make[1]: Leaving directory '/home/lee/OpenFace/distro/build/CMakeFiles/CMakeTmp'

Source file was:

#undef LJ_HASJIT
#include "lj_arch.h"
#if LJ_HASJIT == 1
int main() { return 0; }
#else
#error "not defined"
#endif

Performing C SOURCE FILE Test LJ_HASFFI_1 succeeded with the following output:
Change Dir: /home/lee/OpenFace/distro/build/CMakeFiles/CMakeTmp

Run Build Command:"/usr/bin/make" "cmTC_82633/fast"
/usr/bin/make -f CMakeFiles/cmTC_82633.dir/build.make CMakeFiles/cmTC_82633.dir/build
make[1]: Entering directory '/home/lee/OpenFace/distro/build/CMakeFiles/CMakeTmp'
Building C object CMakeFiles/cmTC_82633.dir/src.c.o
/usr/bin/cc   -I/home/lee/OpenFace/distro/build/exe/luajit-rocks/luajit-2.1 -I/home/lee/OpenFace/distro/exe/luajit-rocks/luajit-2.1/src  -DLJ_HASFFI_1   -o CMakeFiles/cmTC_82633.dir/src.c.o   -c /home/lee/OpenFace/distro/build/CMakeFiles/CMakeTmp/src.c
Linking C executable cmTC_82633
/usr/bin/cmake -E cmake_link_script CMakeFiles/cmTC_82633.dir/link.txt --verbose=1
/usr/bin/cc   -DLJ_HASFFI_1    CMakeFiles/cmTC_82633.dir/src.c.o  -o cmTC_82633 -rdynamic /usr/lib/x86_64-linux-gnu/libdl.so 
make[1]: Leaving directory '/home/lee/OpenFace/distro/build/CMakeFiles/CMakeTmp'

Source file was:

#undef LJ_HASFFI
#include "lj_arch.h"
#if LJ_HASFFI == 1
int main() { return 0; }
#else
#error "not defined"
#endif

Performing C SOURCE FILE Test LJ_ARCH_HASFPU_1 succeeded with the following output:
Change Dir: /home/lee/OpenFace/distro/build/CMakeFiles/CMakeTmp

Run Build Command:"/usr/bin/make" "cmTC_ef8bb/fast"
/usr/bin/make -f CMakeFiles/cmTC_ef8bb.dir/build.make CMakeFiles/cmTC_ef8bb.dir/build
make[1]: Entering directory '/home/lee/OpenFace/distro/build/CMakeFiles/CMakeTmp'
Building C object CMakeFiles/cmTC_ef8bb.dir/src.c.o
/usr/bin/cc   -I/home/lee/OpenFace/distro/build/exe/luajit-rocks/luajit-2.1 -I/home/lee/OpenFace/distro/exe/luajit-rocks/luajit-2.1/src  -DLJ_ARCH_HASFPU_1   -o CMakeFiles/cmTC_ef8bb.dir/src.c.o   -c /home/lee/OpenFace/distro/build/CMakeFiles/CMakeTmp/src.c
Linking C executable cmTC_ef8bb
/usr/bin/cmake -E cmake_link_script CMakeFiles/cmTC_ef8bb.dir/link.txt --verbose=1
/usr/bin/cc   -DLJ_ARCH_HASFPU_1    CMakeFiles/cmTC_ef8bb.dir/src.c.o  -o cmTC_ef8bb -rdynamic /usr/lib/x86_64-linux-gnu/libdl.so 
make[1]: Leaving directory '/home/lee/OpenFace/distro/build/CMakeFiles/CMakeTmp'

Source file was:

#undef LJ_ARCH_HASFPU
#include "lj_arch.h"
#if LJ_ARCH_HASFPU == 1
int main() { return 0; }
#else
#error "not defined"
#endif

Determining if the function sin exists in the m passed with the following output:
Change Dir: /home/lee/OpenFace/distro/build/CMakeFiles/CMakeTmp

Run Build Command:"/usr/bin/make" "cmTC_b55b5/fast"
/usr/bin/make -f CMakeFiles/cmTC_b55b5.dir/build.make CMakeFiles/cmTC_b55b5.dir/build
make[1]: Entering directory '/home/lee/OpenFace/distro/build/CMakeFiles/CMakeTmp'
Building C object CMakeFiles/cmTC_b55b5.dir/CheckFunctionExists.c.o
/usr/bin/cc    -DCHECK_FUNCTION_EXISTS=sin   -o CMakeFiles/cmTC_b55b5.dir/CheckFunctionExists.c.o   -c /usr/share/cmake-3.5/Modules/CheckFunctionExists.c
<command-line>:0:23: warning: conflicting types for built-in function ‘sin’
/usr/share/cmake-3.5/Modules/CheckFunctionExists.c:6:6: note: in expansion of macro ‘CHECK_FUNCTION_EXISTS’
 char CHECK_FUNCTION_EXISTS();
      ^
Linking C executable cmTC_b55b5
/usr/bin/cmake -E cmake_link_script CMakeFiles/cmTC_b55b5.dir/link.txt --verbose=1
/usr/bin/cc   -DCHECK_FUNCTION_EXISTS=sin    CMakeFiles/cmTC_b55b5.dir/CheckFunctionExists.c.o  -o cmTC_b55b5 -rdynamic -lm /usr/lib/x86_64-linux-gnu/libdl.so 
make[1]: Leaving directory '/home/lee/OpenFace/distro/build/CMakeFiles/CMakeTmp'


