Determining if the system is big endian passed with the following output:
Change Dir: /home/lee/OpenFace/opencv-2.4.11/release/CMakeFiles/CMakeTmp

Run Build Command:"/usr/bin/make" "cmTC_06876/fast"
/usr/bin/make -f CMakeFiles/cmTC_06876.dir/build.make CMakeFiles/cmTC_06876.dir/build
make[1]: Entering directory '/home/lee/OpenFace/opencv-2.4.11/release/CMakeFiles/CMakeTmp'
Building C object CMakeFiles/cmTC_06876.dir/TestEndianess.c.o
/usr/bin/cc    -fsigned-char -W -Wall -Werror=return-type -Werror=address -Werror=sequence-point -Wformat -Werror=format-security -Wmissing-declarations -Wmissing-prototypes -Wstrict-prototypes -Wundef -Winit-self -Wpointer-arith -Wshadow -Wno-narrowing -fdiagnostics-show-option -Wno-long-long -pthread -fomit-frame-pointer -msse -msse2 -msse3 -ffunction-sections  -O3 -DNDEBUG   -o CMakeFiles/cmTC_06876.dir/TestEndianess.c.o   -c /home/lee/OpenFace/opencv-2.4.11/release/CMakeFiles/CMakeTmp/TestEndianess.c
Linking C executable cmTC_06876
/usr/bin/cmake -E cmake_link_script CMakeFiles/cmTC_06876.dir/link.txt --verbose=1
/usr/bin/cc     -fsigned-char -W -Wall -Werror=return-type -Werror=address -Werror=sequence-point -Wformat -Werror=format-security -Wmissing-declarations -Wmissing-prototypes -Wstrict-prototypes -Wundef -Winit-self -Wpointer-arith -Wshadow -Wno-narrowing -fdiagnostics-show-option -Wno-long-long -pthread -fomit-frame-pointer -msse -msse2 -msse3 -ffunction-sections  -O3 -DNDEBUG    CMakeFiles/cmTC_06876.dir/TestEndianess.c.o  -o cmTC_06876 -rdynamic 
make[1]: Leaving directory '/home/lee/OpenFace/opencv-2.4.11/release/CMakeFiles/CMakeTmp'

TestEndianess.c:
/* A 16 bit integer is required. */
typedef unsigned short cmakeint16;

/* On a little endian machine, these 16bit ints will give "THIS IS LITTLE ENDIAN."
   On a big endian machine the characters will be exchanged pairwise. */
const cmakeint16 info_little[] =  {0x4854, 0x5349, 0x4920, 0x2053, 0x494c, 0x5454, 0x454c, 0x4520, 0x444e, 0x4149, 0x2e4e, 0x0000};

/* on a big endian machine, these 16bit ints will give "THIS IS BIG ENDIAN."
   On a little endian machine the characters will be exchanged pairwise. */
const cmakeint16 info_big[] =     {0x5448, 0x4953, 0x2049, 0x5320, 0x4249, 0x4720, 0x454e, 0x4449, 0x414e, 0x2e2e, 0x0000};

#ifdef __CLASSIC_C__
int main(argc, argv) int argc; char *argv[];
#else
int main(int argc, char *argv[])
#endif
{
  int require = 0;
  require += info_little[argc];
  require += info_big[argc];
  (void)argv;
  return require;
}


Determining size of off64_t failed with the following output:
Change Dir: /home/lee/OpenFace/opencv-2.4.11/release/CMakeFiles/CMakeTmp

Run Build Command:"/usr/bin/make" "cmTC_cc27e/fast"
/usr/bin/make -f CMakeFiles/cmTC_cc27e.dir/build.make CMakeFiles/cmTC_cc27e.dir/build
make[1]: Entering directory '/home/lee/OpenFace/opencv-2.4.11/release/CMakeFiles/CMakeTmp'
Building C object CMakeFiles/cmTC_cc27e.dir/OFF64_T.c.o
/usr/bin/cc    -fsigned-char -W -Wall -Werror=return-type -Werror=address -Werror=sequence-point -Wformat -Werror=format-security -Wmissing-declarations -Wmissing-prototypes -Wstrict-prototypes -Wundef -Winit-self -Wpointer-arith -Wshadow -Wno-narrowing -fdiagnostics-show-option -Wno-long-long -pthread -fomit-frame-pointer -msse -msse2 -msse3 -ffunction-sections  -O3 -DNDEBUG   -o CMakeFiles/cmTC_cc27e.dir/OFF64_T.c.o   -c /home/lee/OpenFace/opencv-2.4.11/release/CMakeFiles/CheckTypeSize/OFF64_T.c
/home/lee/OpenFace/opencv-2.4.11/release/CMakeFiles/CheckTypeSize/OFF64_T.c:17:22: error: ‘off64_t’ undeclared here (not in a function)
 #define SIZE (sizeof(off64_t))
                      ^
/home/lee/OpenFace/opencv-2.4.11/release/CMakeFiles/CheckTypeSize/OFF64_T.c:19:12: note: in expansion of macro ‘SIZE’
   ('0' + ((SIZE / 10000)%10)),
            ^
CMakeFiles/cmTC_cc27e.dir/build.make:65: recipe for target 'CMakeFiles/cmTC_cc27e.dir/OFF64_T.c.o' failed
make[1]: *** [CMakeFiles/cmTC_cc27e.dir/OFF64_T.c.o] Error 1
make[1]: Leaving directory '/home/lee/OpenFace/opencv-2.4.11/release/CMakeFiles/CMakeTmp'
Makefile:126: recipe for target 'cmTC_cc27e/fast' failed
make: *** [cmTC_cc27e/fast] Error 2

/home/lee/OpenFace/opencv-2.4.11/release/CMakeFiles/CheckTypeSize/OFF64_T.c:
#include <sys/types.h>
#include <stdint.h>
#include <stddef.h>


#undef KEY
#if defined(__i386)
# define KEY '_','_','i','3','8','6'
#elif defined(__x86_64)
# define KEY '_','_','x','8','6','_','6','4'
#elif defined(__ppc__)
# define KEY '_','_','p','p','c','_','_'
#elif defined(__ppc64__)
# define KEY '_','_','p','p','c','6','4','_','_'
#endif

#define SIZE (sizeof(off64_t))
char info_size[] =  {'I', 'N', 'F', 'O', ':', 's','i','z','e','[',
  ('0' + ((SIZE / 10000)%10)),
  ('0' + ((SIZE / 1000)%10)),
  ('0' + ((SIZE / 100)%10)),
  ('0' + ((SIZE / 10)%10)),
  ('0' +  (SIZE    % 10)),
  ']',
#ifdef KEY
  ' ','k','e','y','[', KEY, ']',
#endif
  '\0'};

#ifdef __CLASSIC_C__
int main(argc, argv) int argc; char *argv[];
#else
int main(int argc, char *argv[])
#endif
{
  int require = 0;
  require += info_size[argc];
  (void)argv;
  return require;
}


Determining if the include file io.h exists failed with the following output:
Change Dir: /home/lee/OpenFace/opencv-2.4.11/release/CMakeFiles/CMakeTmp

Run Build Command:"/usr/bin/make" "cmTC_3f904/fast"
/usr/bin/make -f CMakeFiles/cmTC_3f904.dir/build.make CMakeFiles/cmTC_3f904.dir/build
make[1]: Entering directory '/home/lee/OpenFace/opencv-2.4.11/release/CMakeFiles/CMakeTmp'
Building C object CMakeFiles/cmTC_3f904.dir/CheckIncludeFile.c.o
/usr/bin/cc    -fsigned-char -W -Wall -Werror=return-type -Werror=address -Werror=sequence-point -Wformat -Werror=format-security -Wmissing-declarations -Wmissing-prototypes -Wstrict-prototypes -Wundef -Winit-self -Wpointer-arith -Wshadow -Wno-narrowing -fdiagnostics-show-option -Wno-long-long -pthread -fomit-frame-pointer -msse -msse2 -msse3 -ffunction-sections  -O3 -DNDEBUG   -o CMakeFiles/cmTC_3f904.dir/CheckIncludeFile.c.o   -c /home/lee/OpenFace/opencv-2.4.11/release/CMakeFiles/CMakeTmp/CheckIncludeFile.c
/home/lee/OpenFace/opencv-2.4.11/release/CMakeFiles/CMakeTmp/CheckIncludeFile.c:1:16: fatal error: io.h: No such file or directory
compilation terminated.
CMakeFiles/cmTC_3f904.dir/build.make:65: recipe for target 'CMakeFiles/cmTC_3f904.dir/CheckIncludeFile.c.o' failed
make[1]: *** [CMakeFiles/cmTC_3f904.dir/CheckIncludeFile.c.o] Error 1
make[1]: Leaving directory '/home/lee/OpenFace/opencv-2.4.11/release/CMakeFiles/CMakeTmp'
Makefile:126: recipe for target 'cmTC_3f904/fast' failed
make: *** [cmTC_3f904/fast] Error 2


Determining if the function jbg_newlen exists failed with the following output:
Change Dir: /home/lee/OpenFace/opencv-2.4.11/release/CMakeFiles/CMakeTmp

Run Build Command:"/usr/bin/make" "cmTC_c4581/fast"
/usr/bin/make -f CMakeFiles/cmTC_c4581.dir/build.make CMakeFiles/cmTC_c4581.dir/build
make[1]: Entering directory '/home/lee/OpenFace/opencv-2.4.11/release/CMakeFiles/CMakeTmp'
Building C object CMakeFiles/cmTC_c4581.dir/CheckFunctionExists.c.o
/usr/bin/cc    -fsigned-char -W -Wall -Werror=return-type -Werror=address -Werror=sequence-point -Wformat -Werror=format-security -Wmissing-declarations -Wmissing-prototypes -Wstrict-prototypes -Wundef -Winit-self -Wpointer-arith -Wshadow -Wno-narrowing -fdiagnostics-show-option -Wno-long-long -pthread -fomit-frame-pointer -msse -msse2 -msse3 -ffunction-sections -DCHECK_FUNCTION_EXISTS=jbg_newlen -O3 -DNDEBUG   -o CMakeFiles/cmTC_c4581.dir/CheckFunctionExists.c.o   -c /usr/share/cmake-3.5/Modules/CheckFunctionExists.c
/usr/share/cmake-3.5/Modules/CheckFunctionExists.c:6:1: warning: function declaration isn’t a prototype [-Wstrict-prototypes]
 char CHECK_FUNCTION_EXISTS();
 ^
Linking C executable cmTC_c4581
/usr/bin/cmake -E cmake_link_script CMakeFiles/cmTC_c4581.dir/link.txt --verbose=1
/usr/bin/cc     -fsigned-char -W -Wall -Werror=return-type -Werror=address -Werror=sequence-point -Wformat -Werror=format-security -Wmissing-declarations -Wmissing-prototypes -Wstrict-prototypes -Wundef -Winit-self -Wpointer-arith -Wshadow -Wno-narrowing -fdiagnostics-show-option -Wno-long-long -pthread -fomit-frame-pointer -msse -msse2 -msse3 -ffunction-sections -DCHECK_FUNCTION_EXISTS=jbg_newlen -O3 -DNDEBUG    CMakeFiles/cmTC_c4581.dir/CheckFunctionExists.c.o  -o cmTC_c4581 -rdynamic 
CMakeFiles/cmTC_c4581.dir/CheckFunctionExists.c.o: In function `main':
CheckFunctionExists.c:(.text.startup.main+0xe): undefined reference to `jbg_newlen'
collect2: error: ld returned 1 exit status
CMakeFiles/cmTC_c4581.dir/build.make:97: recipe for target 'cmTC_c4581' failed
make[1]: *** [cmTC_c4581] Error 1
make[1]: Leaving directory '/home/lee/OpenFace/opencv-2.4.11/release/CMakeFiles/CMakeTmp'
Makefile:126: recipe for target 'cmTC_c4581/fast' failed
make: *** [cmTC_c4581/fast] Error 2


Determining if the include file linux/videodev.h exists failed with the following output:
Change Dir: /home/lee/OpenFace/opencv-2.4.11/release/CMakeFiles/CMakeTmp

Run Build Command:"/usr/bin/make" "cmTC_060c8/fast"
/usr/bin/make -f CMakeFiles/cmTC_060c8.dir/build.make CMakeFiles/cmTC_060c8.dir/build
make[1]: Entering directory '/home/lee/OpenFace/opencv-2.4.11/release/CMakeFiles/CMakeTmp'
Building C object CMakeFiles/cmTC_060c8.dir/CheckIncludeFile.c.o
/usr/bin/cc    -fsigned-char -W -Wall -Werror=return-type -Werror=address -Werror=sequence-point -Wformat -Werror=format-security -Wmissing-declarations -Wmissing-prototypes -Wstrict-prototypes -Wundef -Winit-self -Wpointer-arith -Wshadow -Wno-narrowing -fdiagnostics-show-option -Wno-long-long -pthread -fomit-frame-pointer -msse -msse2 -msse3 -ffunction-sections  -O3 -DNDEBUG   -o CMakeFiles/cmTC_060c8.dir/CheckIncludeFile.c.o   -c /home/lee/OpenFace/opencv-2.4.11/release/CMakeFiles/CMakeTmp/CheckIncludeFile.c
/home/lee/OpenFace/opencv-2.4.11/release/CMakeFiles/CMakeTmp/CheckIncludeFile.c:1:28: fatal error: linux/videodev.h: No such file or directory
compilation terminated.
CMakeFiles/cmTC_060c8.dir/build.make:65: recipe for target 'CMakeFiles/cmTC_060c8.dir/CheckIncludeFile.c.o' failed
make[1]: *** [CMakeFiles/cmTC_060c8.dir/CheckIncludeFile.c.o] Error 1
make[1]: Leaving directory '/home/lee/OpenFace/opencv-2.4.11/release/CMakeFiles/CMakeTmp'
Makefile:126: recipe for target 'cmTC_060c8/fast' failed
make: *** [cmTC_060c8/fast] Error 2


Determining if the include file sys/videoio.h exists failed with the following output:
Change Dir: /home/lee/OpenFace/opencv-2.4.11/release/CMakeFiles/CMakeTmp

Run Build Command:"/usr/bin/make" "cmTC_409e3/fast"
/usr/bin/make -f CMakeFiles/cmTC_409e3.dir/build.make CMakeFiles/cmTC_409e3.dir/build
make[1]: Entering directory '/home/lee/OpenFace/opencv-2.4.11/release/CMakeFiles/CMakeTmp'
Building C object CMakeFiles/cmTC_409e3.dir/CheckIncludeFile.c.o
/usr/bin/cc    -fsigned-char -W -Wall -Werror=return-type -Werror=address -Werror=sequence-point -Wformat -Werror=format-security -Wmissing-declarations -Wmissing-prototypes -Wstrict-prototypes -Wundef -Winit-self -Wpointer-arith -Wshadow -Wno-narrowing -fdiagnostics-show-option -Wno-long-long -pthread -fomit-frame-pointer -msse -msse2 -msse3 -ffunction-sections  -O3 -DNDEBUG   -o CMakeFiles/cmTC_409e3.dir/CheckIncludeFile.c.o   -c /home/lee/OpenFace/opencv-2.4.11/release/CMakeFiles/CMakeTmp/CheckIncludeFile.c
/home/lee/OpenFace/opencv-2.4.11/release/CMakeFiles/CMakeTmp/CheckIncludeFile.c:1:25: fatal error: sys/videoio.h: No such file or directory
compilation terminated.
CMakeFiles/cmTC_409e3.dir/build.make:65: recipe for target 'CMakeFiles/cmTC_409e3.dir/CheckIncludeFile.c.o' failed
make[1]: *** [CMakeFiles/cmTC_409e3.dir/CheckIncludeFile.c.o] Error 1
make[1]: Leaving directory '/home/lee/OpenFace/opencv-2.4.11/release/CMakeFiles/CMakeTmp'
Makefile:126: recipe for target 'cmTC_409e3/fast' failed
make: *** [cmTC_409e3/fast] Error 2


Determining if the include file libavformat/avformat.h exists failed with the following output:
Change Dir: /home/lee/OpenFace/opencv-2.4.11/release/CMakeFiles/CMakeTmp

Run Build Command:"/usr/bin/make" "cmTC_e2324/fast"
/usr/bin/make -f CMakeFiles/cmTC_e2324.dir/build.make CMakeFiles/cmTC_e2324.dir/build
make[1]: Entering directory '/home/lee/OpenFace/opencv-2.4.11/release/CMakeFiles/CMakeTmp'
Building C object CMakeFiles/cmTC_e2324.dir/CheckIncludeFile.c.o
/usr/bin/cc    -fsigned-char -W -Wall -Werror=return-type -Werror=address -Werror=sequence-point -Wformat -Werror=format-security -Wmissing-declarations -Wmissing-prototypes -Wstrict-prototypes -Wundef -Winit-self -Wpointer-arith -Wshadow -Wno-narrowing -fdiagnostics-show-option -Wno-long-long -pthread -fomit-frame-pointer -msse -msse2 -msse3 -ffunction-sections  -O3 -DNDEBUG   -o CMakeFiles/cmTC_e2324.dir/CheckIncludeFile.c.o   -c /home/lee/OpenFace/opencv-2.4.11/release/CMakeFiles/CMakeTmp/CheckIncludeFile.c
/home/lee/OpenFace/opencv-2.4.11/release/CMakeFiles/CMakeTmp/CheckIncludeFile.c:1:34: fatal error: libavformat/avformat.h: No such file or directory
compilation terminated.
CMakeFiles/cmTC_e2324.dir/build.make:65: recipe for target 'CMakeFiles/cmTC_e2324.dir/CheckIncludeFile.c.o' failed
make[1]: *** [CMakeFiles/cmTC_e2324.dir/CheckIncludeFile.c.o] Error 1
make[1]: Leaving directory '/home/lee/OpenFace/opencv-2.4.11/release/CMakeFiles/CMakeTmp'
Makefile:126: recipe for target 'cmTC_e2324/fast' failed
make: *** [cmTC_e2324/fast] Error 2


Determining if the include file ffmpeg/avformat.h exists failed with the following output:
Change Dir: /home/lee/OpenFace/opencv-2.4.11/release/CMakeFiles/CMakeTmp

Run Build Command:"/usr/bin/make" "cmTC_47aa9/fast"
/usr/bin/make -f CMakeFiles/cmTC_47aa9.dir/build.make CMakeFiles/cmTC_47aa9.dir/build
make[1]: Entering directory '/home/lee/OpenFace/opencv-2.4.11/release/CMakeFiles/CMakeTmp'
Building C object CMakeFiles/cmTC_47aa9.dir/CheckIncludeFile.c.o
/usr/bin/cc    -fsigned-char -W -Wall -Werror=return-type -Werror=address -Werror=sequence-point -Wformat -Werror=format-security -Wmissing-declarations -Wmissing-prototypes -Wstrict-prototypes -Wundef -Winit-self -Wpointer-arith -Wshadow -Wno-narrowing -fdiagnostics-show-option -Wno-long-long -pthread -fomit-frame-pointer -msse -msse2 -msse3 -ffunction-sections  -O3 -DNDEBUG   -o CMakeFiles/cmTC_47aa9.dir/CheckIncludeFile.c.o   -c /home/lee/OpenFace/opencv-2.4.11/release/CMakeFiles/CMakeTmp/CheckIncludeFile.c
/home/lee/OpenFace/opencv-2.4.11/release/CMakeFiles/CMakeTmp/CheckIncludeFile.c:1:29: fatal error: ffmpeg/avformat.h: No such file or directory
compilation terminated.
CMakeFiles/cmTC_47aa9.dir/build.make:65: recipe for target 'CMakeFiles/cmTC_47aa9.dir/CheckIncludeFile.c.o' failed
make[1]: *** [CMakeFiles/cmTC_47aa9.dir/CheckIncludeFile.c.o] Error 1
make[1]: Leaving directory '/home/lee/OpenFace/opencv-2.4.11/release/CMakeFiles/CMakeTmp'
Makefile:126: recipe for target 'cmTC_47aa9/fast' failed
make: *** [cmTC_47aa9/fast] Error 2


